TN:
SF:script/Deploy.s.sol
FN:165,DeployScript.setUp
FNDA:0,DeployScript.setUp
FN:167,DeployScript.run
FNDA:0,DeployScript.run
DA:168,0
DA:171,0
DA:172,0
DA:175,0
DA:176,0
DA:177,0
DA:178,0
DA:179,0
DA:182,0
BRDA:182,0,0,-
DA:183,0
DA:186,0
DA:195,0
DA:197,0
DA:198,0
DA:209,0
DA:211,0
FN:225,DeployScript._logDeploymentSettings
FNDA:0,DeployScript._logDeploymentSettings
DA:233,0
DA:234,0
DA:235,0
DA:236,0
DA:237,0
DA:238,0
DA:239,0
DA:240,0
DA:241,0
DA:242,0
FN:245,DeployScript._logDeploymentSummary
FNDA:0,DeployScript._logDeploymentSummary
DA:257,0
DA:258,0
DA:259,0
DA:260,0
DA:261,0
DA:262,0
DA:263,0
DA:264,0
DA:265,0
DA:266,0
DA:267,0
DA:268,0
DA:269,0
DA:270,0
FN:273,DeployScript._showGitRevision
FNDA:0,DeployScript._showGitRevision
DA:274,0
DA:275,0
DA:276,0
DA:277,0
DA:278,0
DA:279,0
DA:280,0
DA:281,0
FNF:5
FNH:0
LF:48
LH:0
BRF:1
BRH:0
end_of_record
TN:
SF:script/DeployMockToken.s.sol
FN:19,DeployScript.run
FNDA:0,DeployScript.run
DA:20,0
DA:21,0
DA:23,0
DA:25,0
DA:27,0
DA:28,0
DA:29,0
DA:31,0
FNF:1
FNH:0
LF:8
LH:0
BRF:0
BRH:0
end_of_record
TN:
SF:script/utils/CreateProgram.s.sol
FN:15,CreateProgram.setUp
FNDA:0,CreateProgram.setUp
FN:17,CreateProgram.run
FNDA:0,CreateProgram.run
DA:18,0
DA:19,0
DA:21,0
DA:22,0
DA:23,0
DA:24,0
DA:26,0
DA:28,0
FNF:2
FNH:0
LF:8
LH:0
BRF:0
BRH:0
end_of_record
TN:
SF:script/utils/GenerateSignature.s.sol
FN:13,GenerateSignature.setUp
FNDA:0,GenerateSignature.setUp
DA:14,0
FN:17,GenerateSignature.run
FNDA:0,GenerateSignature.run
DA:18,0
DA:19,0
DA:20,0
DA:21,0
DA:23,0
FN:26,GenerateSignature._generateSignature
FNDA:0,GenerateSignature._generateSignature
DA:30,0
DA:32,0
DA:34,0
DA:35,0
DA:37,0
DA:38,0
DA:39,0
DA:41,0
DA:42,0
DA:43,0
DA:45,0
DA:46,0
DA:47,0
DA:49,0
DA:50,0
DA:51,0
DA:53,0
DA:54,0
DA:55,0
FNF:3
FNH:0
LF:25
LH:0
BRF:0
BRH:0
end_of_record
TN:
SF:script/utils/UpdateProgramSigner.s.sol
FN:10,UpdateProgramSigner.run
FNDA:0,UpdateProgramSigner.run
DA:11,0
DA:12,0
DA:14,0
DA:16,0
DA:17,0
DA:18,0
DA:19,0
DA:21,0
DA:22,0
DA:23,0
FNF:1
FNH:0
LF:10
LH:0
BRF:0
BRH:0
end_of_record
TN:
SF:src/EPProgramManager.sol
FN:55,EPProgramManager.createProgram
FNDA:3729,EPProgramManager.createProgram
DA:61,3729
BRDA:61,0,0,260
DA:62,3469
BRDA:62,1,0,260
DA:63,3209
BRDA:63,2,0,260
DA:64,2949
BRDA:64,3,0,260
DA:65,2689
BRDA:65,4,0,260
DA:66,260
DA:70,2429
DA:74,2429
DA:77,2429
DA:84,2429
FN:90,EPProgramManager.updateProgramSigner
FNDA:2080,EPProgramManager.updateProgramSigner
DA:95,1040
BRDA:95,5,0,520
DA:98,520
DA:100,520
FN:104,EPProgramManager.updateUnits
FNDA:4680,EPProgramManager.updateUnits
DA:105,4680
FN:109,EPProgramManager.batchUpdateUnits
FNDA:1300,EPProgramManager.batchUpdateUnits
DA:115,1300
FN:119,EPProgramManager.updateUserUnits
FNDA:520,EPProgramManager.updateUserUnits
DA:127,9102
BRDA:127,6,0,520
DA:128,8582
BRDA:128,7,0,520
DA:129,520
DA:133,8062
BRDA:133,8,0,520
DA:134,520
DA:136,7542
DA:138,7542
DA:141,7542
BRDA:141,9,0,520
DA:142,520
DA:146,7022
DA:148,6762
FN:152,EPProgramManager.batchUpdateUserUnits
FNDA:520,EPProgramManager.batchUpdateUserUnits
DA:159,1820
DA:162,1820
BRDA:162,10,0,260
DA:163,1560
BRDA:163,11,0,520
DA:164,520
DA:167,1040
DA:168,3902
FN:179,EPProgramManager.getProgramPool
FNDA:8840,EPProgramManager.getProgramPool
DA:180,8840
FN:184,EPProgramManager.getNextValidNonce
FNDA:8062,EPProgramManager.getNextValidNonce
DA:185,8062
FN:201,EPProgramManager._poolUpdate
FNDA:1389,EPProgramManager._poolUpdate
DA:202,1389
FN:213,EPProgramManager._isNonceValid
FNDA:8062,EPProgramManager._isNonceValid
DA:214,8062
FN:227,EPProgramManager._verifySignature
FNDA:7542,EPProgramManager._verifySignature
DA:235,7542
DA:237,7542
FN:250,EPProgramManager.programExists
FNDA:2080,EPProgramManager.programExists
DA:251,2080
BRDA:251,12,0,520
DA:252,520
FN:261,EPProgramManager.onlyProgramAdmin
FNDA:1560,EPProgramManager.onlyProgramAdmin
DA:262,1560
BRDA:262,13,0,520
DA:263,520
FNF:13
FNH:13
LF:42
LH:42
BRF:14
BRH:14
end_of_record
TN:
SF:src/FluidEPProgramManager.sol
FN:138,FluidEPProgramManager.
FNDA:42,FluidEPProgramManager.
DA:140,42
DA:142,42
FN:150,FluidEPProgramManager.initialize
FNDA:42,FluidEPProgramManager.initialize
DA:152,42
DA:155,42
FN:166,FluidEPProgramManager.createProgram
FNDA:5161,FluidEPProgramManager.createProgram
DA:173,5161
BRDA:173,0,0,260
DA:174,4901
BRDA:174,1,0,260
DA:175,4641
BRDA:175,2,0,260
DA:176,4381
BRDA:176,3,0,260
DA:177,4121
BRDA:177,4,0,260
DA:178,260
DA:182,3861
DA:186,3861
DA:189,3861
DA:196,3861
FN:207,FluidEPProgramManager.cancelProgram
FNDA:780,FluidEPProgramManager.cancelProgram
DA:208,520
DA:209,520
DA:212,520
BRDA:212,5,0,260
DA:215,260
DA:218,260
DA:219,260
DA:221,260
BRDA:221,6,0,260
DA:222,260
DA:223,260
DA:227,260
DA:229,260
BRDA:229,7,0,260
DA:231,260
DA:234,260
BRDA:234,8,0,260
DA:236,260
DA:240,260
DA:242,260
FN:251,FluidEPProgramManager.startFunding
FNDA:1820,FluidEPProgramManager.startFunding
DA:252,1820
DA:255,1820
DA:256,1820
DA:259,1820
DA:260,1820
DA:263,1820
DA:270,1820
DA:273,1820
DA:275,1820
BRDA:275,9,0,1300
DA:277,1300
DA:280,1820
FN:294,FluidEPProgramManager.stopFunding
FNDA:1300,FluidEPProgramManager.stopFunding
DA:295,1300
DA:296,1300
DA:299,1300
BRDA:299,10,0,260
DA:301,1040
DA:304,1040
BRDA:304,11,0,520
DA:305,520
DA:308,520
DA:309,520
DA:312,520
BRDA:312,12,0,520
DA:313,520
DA:314,520
DA:318,520
DA:320,520
BRDA:320,13,0,260
DA:322,260
DA:325,520
BRDA:325,14,0,520
DA:327,520
DA:330,520
BRDA:330,15,0,260
DA:332,260
DA:336,520
DA:338,520
FN:346,FluidEPProgramManager.setLockerFactory
FNDA:562,FluidEPProgramManager.setLockerFactory
DA:348,562
BRDA:348,16,0,260
DA:349,302
FN:357,FluidEPProgramManager.setTreasury
FNDA:520,FluidEPProgramManager.setTreasury
DA:359,520
BRDA:359,17,0,260
DA:360,260
FN:368,FluidEPProgramManager.setSubsidyRate
FNDA:1820,FluidEPProgramManager.setSubsidyRate
DA:370,1820
BRDA:370,18,0,260
DA:371,1560
FN:379,FluidEPProgramManager.emergencyWithdraw
FNDA:260,FluidEPProgramManager.emergencyWithdraw
DA:380,260
FN:389,FluidEPProgramManager.upgradeTo
FNDA:0,FluidEPProgramManager.upgradeTo
DA:390,0
FN:405,FluidEPProgramManager._poolUpdate
FNDA:5633,FluidEPProgramManager._poolUpdate
DA:407,5633
DA:410,5633
BRDA:410,19,0,260
DA:413,5373
FN:422,FluidEPProgramManager._increaseSubsidyFlow
FNDA:1300,FluidEPProgramManager._increaseSubsidyFlow
DA:427,1300
DA:430,1300
DA:433,1300
FN:442,FluidEPProgramManager._decreaseSubsidyFlow
FNDA:520,FluidEPProgramManager._decreaseSubsidyFlow
DA:447,520
DA:450,520
DA:455,520
FNF:14
FNH:13
LF:78
LH:77
BRF:20
BRH:20
end_of_record
TN:
SF:src/FluidLocker.sol
FN:117,FluidLocker.
FNDA:48,FluidLocker.
DA:126,48
DA:129,48
DA:130,48
DA:131,48
DA:132,48
DA:133,48
DA:136,48
FN:143,FluidLocker.initialize
FNDA:842,FluidLocker.initialize
DA:145,582
FN:155,FluidLocker.claim
FNDA:520,FluidLocker.claim
DA:160,520
DA:162,520
BRDA:162,0,0,520
DA:164,520
DA:168,520
DA:170,520
FN:174,FluidLocker.claim
FNDA:520,FluidLocker.claim
DA:180,520
DA:182,1560
DA:184,1560
BRDA:184,1,0,1560
DA:186,1560
DA:191,520
DA:193,520
FN:197,FluidLocker.lock
FNDA:520,FluidLocker.lock
DA:199,520
DA:201,520
FN:205,FluidLocker.unlock
FNDA:1306,FluidLocker.unlock
DA:207,1044
BRDA:207,2,0,520
DA:208,520
DA:212,524
BRDA:212,3,0,1
DA:213,1
DA:217,523
DA:220,523
BRDA:220,4,0,1
DA:222,522
BRDA:222,5,0,2
BRDA:222,5,1,520
DA:223,2
DA:225,520
FN:230,FluidLocker.stake
FNDA:2088,FluidLocker.stake
DA:231,2087
DA:233,2087
BRDA:233,6,0,2
DA:235,2085
BRDA:235,7,0,2085
DA:237,2085
DA:241,2085
DA:244,2085
DA:247,2085
DA:249,2085
FN:253,FluidLocker.unstake
FNDA:3,FluidLocker.unstake
DA:254,3
BRDA:254,8,0,1
DA:255,1
DA:259,2
BRDA:259,9,0,1
DA:262,1
DA:265,1
DA:268,1
DA:270,1
FN:280,FluidLocker.getFlowRatePerProgram
FNDA:520,FluidLocker.getFlowRatePerProgram
DA:282,2080
DA:285,2080
FN:289,FluidLocker.getFlowRatePerProgram
FNDA:520,FluidLocker.getFlowRatePerProgram
DA:290,520
DA:292,520
DA:293,1560
FN:298,FluidLocker.getUnitsPerProgram
FNDA:520,FluidLocker.getUnitsPerProgram
DA:300,2080
DA:303,2080
FN:307,FluidLocker.getUnitsPerProgram
FNDA:520,FluidLocker.getUnitsPerProgram
DA:308,520
DA:310,520
DA:311,1560
FN:316,FluidLocker.getStakedBalance
FNDA:6,FluidLocker.getStakedBalance
DA:317,6
FN:321,FluidLocker.getAvailableBalance
FNDA:10,FluidLocker.getAvailableBalance
DA:322,2620
FN:326,FluidLocker.getFontaineBeaconImplementation
FNDA:1,FluidLocker.getFontaineBeaconImplementation
DA:327,1
FN:336,FluidLocker._instantUnlock
FNDA:2,FluidLocker._instantUnlock
DA:338,2
DA:341,2
DA:344,2
DA:346,2
FN:349,FluidLocker._vestUnlock
FNDA:520,FluidLocker._vestUnlock
DA:351,520
DA:355,520
DA:360,520
DA:363,520
DA:364,520
DA:367,520
DA:369,520
FN:372,FluidLocker._calculateVestUnlockFlowRates
FNDA:520,FluidLocker._calculateVestUnlockFlowRates
DA:377,520
DA:379,520
DA:381,520
FN:384,FluidLocker._getUnlockingPercentage
FNDA:520,FluidLocker._getUnlockingPercentage
DA:385,520
FN:403,FluidLocker.onlyLockerOwner
FNDA:3,FluidLocker.onlyLockerOwner
DA:404,3
BRDA:404,10,0,-
FN:411,FluidLocker.unlockAvailable
FNDA:3,FluidLocker.unlockAvailable
DA:412,3
BRDA:412,11,0,-
FNF:21
FNH:21
LF:75
LH:75
BRF:13
BRH:11
end_of_record
TN:
SF:src/FluidLockerFactory.sol
FN:61,FluidLockerFactory.
FNDA:42,FluidLockerFactory.
DA:63,42
DA:66,42
DA:69,42
DA:72,42
FN:79,FluidLockerFactory.initialize
FNDA:42,FluidLockerFactory.initialize
DA:81,42
FN:91,FluidLockerFactory.createLockerContract
FNDA:842,FluidLockerFactory.createLockerContract
DA:92,842
FN:96,FluidLockerFactory.upgradeTo
FNDA:0,FluidLockerFactory.upgradeTo
DA:97,0
FN:101,FluidLockerFactory.setGovernor
FNDA:520,FluidLockerFactory.setGovernor
DA:102,260
DA:103,260
FN:113,FluidLockerFactory.getUserLocker
FNDA:520,FluidLockerFactory.getUserLocker
DA:114,520
DA:115,520
FN:119,FluidLockerFactory.getLockerAddress
FNDA:6153,FluidLockerFactory.getLockerAddress
DA:120,6673
FN:124,FluidLockerFactory.getLockerBeaconImplementation
FNDA:1,FluidLockerFactory.getLockerBeaconImplementation
DA:125,1
FN:138,FluidLockerFactory._createLockerContract
FNDA:842,FluidLockerFactory._createLockerContract
DA:139,842
DA:142,582
DA:145,582
DA:148,582
DA:150,582
FN:162,FluidLockerFactory.onlyGovernor
FNDA:0,FluidLockerFactory.onlyGovernor
DA:163,0
BRDA:163,0,0,-
FN:170,FluidLockerFactory.notPaused
FNDA:842,FluidLockerFactory.notPaused
DA:171,0
BRDA:171,1,0,-
FNF:11
FNH:9
LF:20
LH:17
BRF:2
BRH:0
end_of_record
TN:
SF:src/FluidToken.sol
FN:7,FluidToken.
FNDA:0,FluidToken.
FNF:1
FNH:0
LF:0
LH:0
BRF:0
BRH:0
end_of_record
TN:
SF:src/Fontaine.sol
FN:51,Fontaine.
FNDA:42,Fontaine.
DA:53,42
DA:56,42
DA:57,42
FN:61,Fontaine.initialize
FNDA:520,Fontaine.initialize
DA:63,520
BRDA:63,0,0,-
DA:66,520
DA:69,520
FNF:2
FNH:2
LF:6
LH:6
BRF:1
BRH:0
end_of_record
TN:
SF:src/StakingRewardController.sol
FN:66,StakingRewardController.
FNDA:42,StakingRewardController.
DA:68,42
DA:71,42
FN:78,StakingRewardController.initialize
FNDA:42,StakingRewardController.initialize
DA:80,42
DA:83,42
DA:87,42
FN:97,StakingRewardController.updateStakerUnits
FNDA:2606,StakingRewardController.updateStakerUnits
DA:98,2346
DA:100,2346
FN:104,StakingRewardController.setLockerFactory
FNDA:42,StakingRewardController.setLockerFactory
DA:105,42
DA:107,42
FN:111,StakingRewardController.approveLocker
FNDA:1102,StakingRewardController.approveLocker
DA:112,842
DA:114,842
FN:118,StakingRewardController.upgradeTo
FNDA:0,StakingRewardController.upgradeTo
DA:119,0
FN:131,StakingRewardController.onlyLockerFactory
FNDA:1102,StakingRewardController.onlyLockerFactory
DA:132,1102
BRDA:132,0,0,260
FN:139,StakingRewardController.onlyApprovedLocker
FNDA:2606,StakingRewardController.onlyApprovedLocker
DA:140,2606
BRDA:140,1,0,260
FNF:8
FNH:7
LF:14
LH:13
BRF:2
BRH:2
end_of_record
TN:
SF:test/SFTest.t.sol
FN:62,SFTest.setUp
FNDA:42,SFTest.setUp
DA:64,42
DA:66,42
DA:67,42
DA:68,42
DA:70,42
DA:76,42
DA:77,210
DA:78,210
DA:79,210
DA:82,42
DA:83,42
DA:84,42
DA:85,42
DA:86,42
DA:88,42
DA:98,42
DA:100,42
DA:111,42
DA:113,42
DA:114,42
DA:115,42
DA:116,42
DA:117,42
DA:118,42
DA:119,42
DA:120,42
DA:121,42
FN:133,SFTest._helperCreateProgram
FNDA:3293,SFTest._helperCreateProgram
DA:138,3293
DA:139,3293
FN:142,SFTest._helperCreatePrograms
FNDA:16,SFTest._helperCreatePrograms
DA:146,16
DA:147,16
DA:149,16
DA:150,48
DA:153,16
FN:156,SFTest._helperGenerateSignature
FNDA:8062,SFTest._helperGenerateSignature
DA:163,8062
DA:165,8062
DA:167,8062
DA:168,8062
FN:171,SFTest._helperDistributeToProgramPool
FNDA:520,SFTest._helperDistributeToProgramPool
DA:175,520
DA:177,520
DA:179,520
DA:182,520
DA:183,520
DA:184,520
FN:187,SFTest._helperDistributeToProgramPool
FNDA:520,SFTest._helperDistributeToProgramPool
DA:192,520
DA:194,520
DA:195,1560
DA:197,1560
DA:199,1560
DA:202,1560
DA:203,1560
DA:204,1560
FN:208,SFTest._helperFundLocker
FNDA:2867,SFTest._helperFundLocker
DA:209,2867
DA:210,2867
FNF:7
FNH:7
LF:54
LH:54
BRF:0
BRH:0
end_of_record
