TN:
SF:contracts/CollateralManager.sol
FN:83,CollateralManager.initialize
FNDA:2,CollateralManager.initialize
DA:87,1
DA:88,1
DA:89,1
FN:96,CollateralManager.setCollateralEscrowBeacon
FNDA:3,CollateralManager.setCollateralEscrowBeacon
DA:100,2
FN:108,CollateralManager.isBidCollateralBacked
FNDA:2,CollateralManager.isBidCollateralBacked
DA:109,3
FN:118,CollateralManager.commitCollateral
FNDA:5,CollateralManager.commitCollateral
DA:122,5
DA:123,5
DA:124,5
DA:125,5
DA:127,5
BRDA:127,0,0,-
BRDA:127,0,1,2
DA:128,3
DA:129,2
DA:130,2
DA:131,2
FN:142,CollateralManager.commitCollateral
FNDA:2,CollateralManager.commitCollateral
DA:146,2
DA:147,2
DA:148,2
BRDA:148,1,0,1
BRDA:148,1,1,2
DA:149,1
FN:158,CollateralManager.revalidateCollateral
FNDA:2,CollateralManager.revalidateCollateral
DA:162,2
DA:163,2
DA:164,2
FN:172,CollateralManager.checkBalances
FNDA:2,CollateralManager.checkBalances
DA:176,7
FN:183,CollateralManager.deployAndDeposit
FNDA:5,CollateralManager.deployAndDeposit
DA:184,4
BRDA:184,2,0,-
BRDA:184,2,1,2
DA:185,3
DA:186,3
DA:189,3
DA:190,5
DA:191,2
DA:193,2
DA:201,3
FN:210,CollateralManager.getEscrow
FNDA:1,CollateralManager.getEscrow
DA:211,1
FN:219,CollateralManager.getCollateralInfo
FNDA:1,CollateralManager.getCollateralInfo
DA:224,3
DA:225,3
DA:228,3
DA:229,3
DA:230,1
FN:240,CollateralManager.getCollateralAmount
FNDA:1,CollateralManager.getCollateralAmount
DA:245,1
FN:254,CollateralManager.withdraw
FNDA:5,CollateralManager.withdraw
DA:255,5
DA:256,5
BRDA:256,3,0,-
BRDA:256,3,1,2
DA:257,2
DA:258,3
BRDA:258,4,0,-
BRDA:258,4,1,1
DA:259,1
DA:260,1
DA:262,2
FN:272,CollateralManager.liquidateCollateral
FNDA:4,CollateralManager.liquidateCollateral
DA:276,3
BRDA:276,5,0,1
BRDA:276,5,1,1
DA:277,2
DA:278,2
BRDA:278,6,0,1
BRDA:278,6,1,1
DA:282,1
FN:292,CollateralManager._deployEscrow
FNDA:5,CollateralManager._deployEscrow
DA:296,5
DA:298,5
DA:299,5
BRDA:299,7,0,-
BRDA:299,7,1,3
DA:300,4
BRDA:300,8,0,1
BRDA:300,8,1,3
DA:302,3
DA:309,3
FN:321,CollateralManager._deposit
FNDA:8,CollateralManager._deposit
DA:324,8
BRDA:324,9,0,3
BRDA:324,9,1,5
DA:325,5
DA:326,5
DA:330,5
BRDA:330,10,0,-
BRDA:330,10,1,3
DA:331,3
DA:336,3
DA:340,3
DA:346,2
BRDA:346,11,0,-
BRDA:346,11,1,1
DA:347,1
DA:352,1
DA:356,1
DA:362,1
BRDA:362,12,0,-
BRDA:362,12,1,1
DA:363,1
DA:364,1
DA:372,1
DA:374,1
DA:381,0
DA:383,5
FN:397,CollateralManager._withdraw
FNDA:3,CollateralManager._withdraw
DA:399,3
DA:400,5
DA:401,2
DA:404,2
DA:409,2
DA:414,2
FN:430,CollateralManager._commitCollateral
FNDA:6,CollateralManager._commitCollateral
DA:434,6
DA:435,6
DA:436,6
DA:439,6
FN:454,CollateralManager._checkBalances
FNDA:5,CollateralManager._checkBalances
DA:460,5
DA:461,5
DA:462,5
DA:463,7
DA:467,7
DA:468,7
BRDA:468,13,0,1
BRDA:468,13,1,1
DA:469,2
DA:470,2
BRDA:470,14,0,1
BRDA:470,14,1,1
DA:471,1
FN:483,CollateralManager._checkBalance
FNDA:9,CollateralManager._checkBalance
DA:487,9
DA:488,9
BRDA:488,15,0,-
BRDA:488,15,1,5
DA:489,5
DA:495,4
BRDA:495,16,0,-
BRDA:495,16,1,2
DA:496,2
DA:502,2
BRDA:502,17,0,-
BRDA:502,17,1,2
DA:503,2
DA:508,0
FN:515,CollateralManager.onERC721Received
FNDA:1,CollateralManager.onERC721Received
DA:520,1
FN:526,CollateralManager.onERC1155Received
FNDA:2,CollateralManager.onERC1155Received
DA:533,2
FN:541,CollateralManager.onERC1155BatchReceived
FNDA:2,CollateralManager.onERC1155BatchReceived
DA:548,2
BRDA:548,18,0,1
BRDA:548,18,1,1
DA:552,1
FNF:22
FNH:22
LF:103
LH:101
BRF:38
BRH:27
end_of_record
TN:
SF:contracts/EAS/TellerAS.sol
FN:77,TellerAS.getASRegistry
FNDA:0,TellerAS.getASRegistry
DA:78,0
FN:84,TellerAS.getEIP712Verifier
FNDA:0,TellerAS.getEIP712Verifier
DA:90,0
FN:96,TellerAS.getAttestationsCount
FNDA:0,TellerAS.getAttestationsCount
DA:97,0
FN:103,TellerAS.attest
FNDA:1,TellerAS.attest
DA:110,1
FN:124,TellerAS.attestByDelegation
FNDA:0,TellerAS.attestByDelegation
DA:135,0
DA:147,0
FN:154,TellerAS.revoke
FNDA:0,TellerAS.revoke
DA:155,0
FN:161,TellerAS.revokeByDelegation
FNDA:0,TellerAS.revokeByDelegation
DA:168,0
DA:170,0
FN:176,TellerAS.getAttestation
FNDA:0,TellerAS.getAttestation
DA:182,0
FN:188,TellerAS.isAttestationValid
FNDA:0,TellerAS.isAttestationValid
DA:194,0
FN:200,TellerAS.isAttestationActive
FNDA:0,TellerAS.isAttestationActive
DA:207,0
FN:216,TellerAS.getReceivedAttestationUUIDs
FNDA:0,TellerAS.getReceivedAttestationUUIDs
DA:223,0
FN:235,TellerAS.getReceivedAttestationUUIDsCount
FNDA:0,TellerAS.getReceivedAttestationUUIDsCount
DA:241,0
FN:247,TellerAS.getSentAttestationUUIDs
FNDA:0,TellerAS.getSentAttestationUUIDs
DA:254,0
FN:266,TellerAS.getSentAttestationUUIDsCount
FNDA:0,TellerAS.getSentAttestationUUIDsCount
DA:272,0
FN:278,TellerAS.getRelatedAttestationUUIDs
FNDA:0,TellerAS.getRelatedAttestationUUIDs
DA:284,0
FN:296,TellerAS.getRelatedAttestationUUIDsCount
FNDA:0,TellerAS.getRelatedAttestationUUIDsCount
DA:302,0
FN:308,TellerAS.getSchemaAttestationUUIDs
FNDA:0,TellerAS.getSchemaAttestationUUIDs
DA:314,0
FN:326,TellerAS.getSchemaAttestationUUIDsCount
FNDA:0,TellerAS.getSchemaAttestationUUIDsCount
DA:332,0
FN:347,TellerAS._attest
FNDA:1,TellerAS._attest
DA:355,1
BRDA:355,0,0,-
BRDA:355,0,1,1
DA:356,0
DA:359,1
DA:360,1
BRDA:360,1,0,-
BRDA:360,1,1,1
DA:361,0
DA:364,1
DA:365,1
BRDA:365,2,0,-
BRDA:365,2,1,1
DA:366,1
BRDA:366,3,0,-
BRDA:366,3,1,1
DA:367,0
DA:371,1
BRDA:370,4,0,-
BRDA:370,4,1,1
DA:379,0
DA:383,1
DA:395,1
DA:396,1
DA:398,1
DA:399,1
DA:400,1
DA:402,1
DA:403,1
DA:405,1
BRDA:405,5,0,-
BRDA:405,5,1,-
DA:406,0
BRDA:406,6,0,-
BRDA:406,6,1,-
DA:407,0
DA:410,0
DA:413,1
DA:415,1
FN:418,TellerAS.getLastUUID
FNDA:0,TellerAS.getLastUUID
DA:419,0
FN:428,TellerAS._revoke
FNDA:0,TellerAS._revoke
DA:429,0
DA:430,0
BRDA:430,7,0,-
BRDA:430,7,1,-
DA:431,0
DA:434,0
BRDA:434,8,0,-
BRDA:434,8,1,-
DA:435,0
DA:438,0
BRDA:438,9,0,-
BRDA:438,9,1,-
DA:439,0
DA:442,0
DA:444,0
FN:454,TellerAS._getUUID
FNDA:1,TellerAS._getUUID
DA:459,1
FN:484,TellerAS._sliceUUIDs
FNDA:0,TellerAS._sliceUUIDs
DA:490,0
DA:491,0
BRDA:491,10,0,-
BRDA:491,10,1,-
DA:492,0
DA:495,0
BRDA:495,11,0,-
BRDA:495,11,1,-
DA:496,0
DA:499,0
DA:500,0
BRDA:500,12,0,-
BRDA:500,12,1,-
DA:501,0
DA:504,0
DA:506,0
DA:507,0
DA:512,0
FNF:23
FNH:3
LF:68
LH:20
BRF:26
BRH:5
end_of_record
TN:
SF:contracts/EAS/TellerASEIP712Verifier.sol
FN:56,TellerASEIP712Verifier.getNonce
FNDA:0,TellerASEIP712Verifier.getNonce
DA:62,0
FN:68,TellerASEIP712Verifier.attest
FNDA:0,TellerASEIP712Verifier.attest
DA:79,0
DA:97,0
DA:98,0
BRDA:98,0,0,-
BRDA:98,0,1,-
DA:99,0
FN:106,TellerASEIP712Verifier.revoke
FNDA:0,TellerASEIP712Verifier.revoke
DA:113,0
DA:123,0
DA:124,0
BRDA:124,1,0,-
BRDA:124,1,1,-
DA:125,0
FNF:3
FNH:0
LF:9
LH:0
BRF:4
BRH:0
end_of_record
TN:
SF:contracts/EAS/TellerASRegistry.sol
FN:25,TellerASRegistry.register
FNDA:0,TellerASRegistry.register
DA:30,0
DA:32,0
DA:39,0
DA:40,0
BRDA:40,0,0,-
BRDA:40,0,1,-
DA:41,0
DA:44,0
DA:45,0
DA:47,0
DA:49,0
FN:55,TellerASRegistry.getAS
FNDA:1,TellerASRegistry.getAS
DA:61,1
FN:67,TellerASRegistry.getASCount
FNDA:0,TellerASRegistry.getASCount
DA:68,0
FN:78,TellerASRegistry._getUUID
FNDA:0,TellerASRegistry._getUUID
DA:79,0
FNF:4
FNH:1
LF:12
LH:1
BRF:2
BRH:0
end_of_record
TN:
SF:contracts/EAS/TellerASResolver.sol
FN:12,TellerASResolver.isPayable
FNDA:0,TellerASResolver.isPayable
DA:13,0
FNF:1
FNH:0
LF:1
LH:0
BRF:0
BRH:0
end_of_record
TN:
SF:contracts/ERC2771ContextUpgradeable.sol
FN:25,ERC2771ContextUpgradeable.isTrustedForwarder
FNDA:0,ERC2771ContextUpgradeable.isTrustedForwarder
DA:31,106
FN:34,ERC2771ContextUpgradeable._msgSender
FNDA:106,ERC2771ContextUpgradeable._msgSender
DA:41,106
BRDA:41,0,0,-
BRDA:41,0,1,106
DA:44,0
DA:47,106
FN:51,ERC2771ContextUpgradeable._msgData
FNDA:0,ERC2771ContextUpgradeable._msgData
DA:58,0
BRDA:58,1,0,-
BRDA:58,1,1,-
DA:59,0
DA:61,0
FNF:3
FNH:1
LF:7
LH:3
BRF:4
BRH:1
end_of_record
TN:
SF:contracts/LenderCommitmentForwarder.sol
FN:140,LenderCommitmentForwarder.validateCommitment
FNDA:18,LenderCommitmentForwarder.validateCommitment
DA:141,18
BRDA:141,0,0,2
BRDA:141,0,1,16
DA:145,16
BRDA:145,1,0,2
BRDA:145,1,1,14
DA:150,14
BRDA:150,2,0,1
BRDA:150,2,1,1
DA:151,4
BRDA:151,3,0,1
BRDA:151,3,1,3
DA:157,3
BRDA:156,4,0,1
BRDA:156,4,1,1
DA:160,2
BRDA:160,5,0,1
BRDA:160,5,1,1
FN:180,LenderCommitmentForwarder.createCommitment
FNDA:4,LenderCommitmentForwarder.createCommitment
DA:184,4
DA:186,4
BRDA:186,6,0,1
BRDA:186,6,1,3
DA:191,3
DA:193,3
DA:195,1
DA:197,1
FN:211,LenderCommitmentForwarder.updateCommitment
FNDA:4,LenderCommitmentForwarder.updateCommitment
DA:215,3
BRDA:215,7,0,1
BRDA:215,7,1,2
DA:220,2
BRDA:220,8,0,1
BRDA:220,8,1,1
DA:225,1
DA:227,1
DA:229,1
FN:243,LenderCommitmentForwarder.updateCommitmentBorrowers
FNDA:4,LenderCommitmentForwarder.updateCommitmentBorrowers
DA:247,2
DA:248,2
FN:256,LenderCommitmentForwarder._addBorrowersToCommitmentAllowlist
FNDA:3,LenderCommitmentForwarder._addBorrowersToCommitmentAllowlist
DA:260,3
DA:261,2
DA:263,3
FN:270,LenderCommitmentForwarder.deleteCommitment
FNDA:2,LenderCommitmentForwarder.deleteCommitment
DA:274,1
DA:275,1
DA:276,1
FN:284,LenderCommitmentForwarder._decrementCommitment
FNDA:3,LenderCommitmentForwarder._decrementCommitment
DA:288,3
FN:303,LenderCommitmentForwarder.acceptCommitment
FNDA:9,LenderCommitmentForwarder.acceptCommitment
DA:312,9
DA:314,9
DA:316,9
DA:318,9
BRDA:318,9,0,1
BRDA:318,9,1,8
DA:322,8
BRDA:322,10,0,1
BRDA:322,10,1,7
DA:326,7
BRDA:326,11,0,1
BRDA:326,11,1,6
DA:331,6
BRDA:331,12,0,1
BRDA:331,12,1,5
DA:337,5
BRDA:337,13,0,1
BRDA:337,13,1,4
DA:338,1
DA:344,4
DA:354,4
DA:355,4
DA:358,4
BRDA:358,14,0,1
BRDA:358,14,1,3
DA:359,1
DA:366,3
BRDA:365,15,0,1
BRDA:365,15,1,-
DA:370,1
BRDA:370,16,0,1
BRDA:370,16,1,-
DA:377,2
BRDA:376,17,0,-
BRDA:376,17,1,-
DA:380,0
BRDA:380,18,0,-
BRDA:380,18,1,-
DA:386,2
DA:399,2
DA:401,2
DA:403,2
FN:419,LenderCommitmentForwarder.getRequiredCollateral
FNDA:4,LenderCommitmentForwarder.getRequiredCollateral
DA:426,8
BRDA:426,19,0,3
BRDA:426,19,1,5
DA:427,3
DA:430,5
DA:431,5
DA:435,5
BRDA:435,20,0,-
BRDA:435,20,1,3
DA:436,3
DA:445,5
FN:459,LenderCommitmentForwarder.getCommitmentBorrowers
FNDA:1,LenderCommitmentForwarder.getCommitmentBorrowers
DA:464,1
FN:480,LenderCommitmentForwarder._submitBidFromCommitment
FNDA:4,LenderCommitmentForwarder._submitBidFromCommitment
DA:492,4
DA:493,4
DA:494,4
DA:495,4
DA:496,4
DA:497,4
DA:499,4
DA:500,4
BRDA:500,21,0,-
BRDA:500,21,1,1
DA:501,1
DA:502,1
DA:510,4
FN:521,LenderCommitmentForwarder._getEscrowCollateralType
FNDA:5,LenderCommitmentForwarder._getEscrowCollateralType
DA:526,5
BRDA:526,22,0,2
BRDA:526,22,1,3
DA:527,2
DA:530,3
BRDA:529,23,0,1
BRDA:529,23,1,2
DA:533,1
DA:536,2
BRDA:535,24,0,1
BRDA:535,24,1,1
DA:539,1
DA:542,1
FNF:12
FNH:12
LF:74
LH:73
BRF:50
BRH:42
end_of_record
TN:
SF:contracts/LenderManager.sol
FN:26,LenderManager.initialize
FNDA:5,LenderManager.initialize
DA:27,5
FN:30,LenderManager.__LenderManager_init
FNDA:5,LenderManager.__LenderManager_init
DA:31,5
DA:32,5
FN:40,LenderManager.registerLoan
FNDA:2,LenderManager.registerLoan
DA:45,1
FN:52,LenderManager._getLoanMarketId
FNDA:2,LenderManager._getLoanMarketId
DA:53,2
FN:61,LenderManager._hasMarketVerification
FNDA:1,LenderManager._hasMarketVerification
DA:67,1
DA:69,1
FN:74,LenderManager._beforeTokenTransfer
FNDA:7,LenderManager._beforeTokenTransfer
DA:78,7
BRDA:78,0,0,2
BRDA:78,0,1,5
FN:81,LenderManager._baseURI
FNDA:1,LenderManager._baseURI
DA:82,1
FNF:7
FNH:7
LF:9
LH:9
BRF:2
BRH:2
end_of_record
TN:
SF:contracts/MarketLiquidityRewards.sol
FN:98,MarketLiquidityRewards.initialize
FNDA:0,MarketLiquidityRewards.initialize
FN:105,MarketLiquidityRewards.allocateRewards
FNDA:1,MarketLiquidityRewards.allocateRewards
DA:110,1
DA:112,1
BRDA:112,0,0,-
BRDA:112,0,1,1
DA:117,1
DA:123,1
DA:125,1
FN:140,MarketLiquidityRewards.updateAllocation
FNDA:0,MarketLiquidityRewards.updateAllocation
DA:147,0
DA:149,0
BRDA:149,1,0,-
BRDA:149,1,1,-
DA:154,0
DA:156,0
DA:157,0
DA:158,0
DA:160,0
FN:168,MarketLiquidityRewards.increaseAllocationAmount
FNDA:1,MarketLiquidityRewards.increaseAllocationAmount
DA:172,1
DA:174,1
DA:176,1
FN:184,MarketLiquidityRewards.deallocateRewards
FNDA:1,MarketLiquidityRewards.deallocateRewards
DA:188,1
BRDA:188,2,0,-
BRDA:188,2,1,1
DA:193,1
BRDA:193,3,0,-
BRDA:193,3,1,1
DA:194,0
DA:198,1
DA:200,1
DA:203,1
BRDA:203,4,0,1
BRDA:203,4,1,-
DA:204,1
DA:206,1
DA:208,0
FN:217,MarketLiquidityRewards.claimRewards
FNDA:1,MarketLiquidityRewards.claimRewards
DA:221,1
DA:225,1
BRDA:225,5,0,-
BRDA:225,5,1,1
DA:229,1
DA:231,1
DA:239,1
DA:241,1
DA:245,1
DA:251,1
BRDA:251,6,0,-
BRDA:251,6,1,1
DA:252,1
DA:256,1
DA:265,1
DA:270,1
DA:275,1
BRDA:275,7,0,-
BRDA:275,7,1,1
DA:280,1
DA:284,1
DA:291,1
DA:297,1
DA:300,1
DA:303,1
FN:319,MarketLiquidityRewards._verifyAndReturnRewardRecipient
FNDA:2,MarketLiquidityRewards._verifyAndReturnRewardRecipient
DA:325,2
BRDA:325,8,0,1
BRDA:325,8,1,1
DA:326,2
BRDA:326,9,0,1
BRDA:326,9,1,1
DA:328,1
DA:329,0
BRDA:329,10,0,-
BRDA:329,10,1,-
DA:331,0
BRDA:331,11,0,-
BRDA:331,11,1,-
DA:336,0
DA:338,0
FN:347,MarketLiquidityRewards._decrementAllocatedAmount
FNDA:3,MarketLiquidityRewards._decrementAllocatedAmount
DA:350,3
FN:360,MarketLiquidityRewards._calculateRewardAmount
FNDA:3,MarketLiquidityRewards._calculateRewardAmount
DA:365,3
FN:381,MarketLiquidityRewards._verifyCollateralAmount
FNDA:0,MarketLiquidityRewards._verifyCollateralAmount
DA:388,0
DA:392,0
DA:396,0
DA:403,0
BRDA:403,12,0,-
BRDA:403,12,1,-
FN:416,MarketLiquidityRewards._requiredCollateralAmount
FNDA:1,MarketLiquidityRewards._requiredCollateralAmount
DA:422,1
FN:436,MarketLiquidityRewards._verifyLoanStartTime
FNDA:2,MarketLiquidityRewards._verifyLoanStartTime
DA:441,2
BRDA:441,13,0,1
BRDA:441,13,1,1
DA:445,1
BRDA:445,14,0,1
BRDA:445,14,1,-
FN:456,MarketLiquidityRewards._verifyExpectedTokenAddress
FNDA:1,MarketLiquidityRewards._verifyExpectedTokenAddress
DA:460,1
BRDA:460,15,0,1
BRDA:460,15,1,-
FNF:13
FNH:10
LF:60
LH:43
BRF:32
BRH:15
end_of_record
TN:
SF:contracts/MarketRegistry.sol
FN:106,MarketRegistry.initialize
FNDA:0,MarketRegistry.initialize
DA:107,0
DA:109,0
DA:113,0
FN:132,MarketRegistry.createMarket
FNDA:3,MarketRegistry.createMarket
DA:144,3
FN:170,MarketRegistry.createMarket
FNDA:4,MarketRegistry.createMarket
DA:180,4
FN:207,MarketRegistry._createMarket
FNDA:7,MarketRegistry._createMarket
DA:219,7
BRDA:219,0,0,-
BRDA:219,0,1,7
DA:221,7
DA:224,7
DA:227,7
DA:240,6
FN:248,MarketRegistry.closeMarket
FNDA:4,MarketRegistry.closeMarket
DA:249,3
BRDA:249,1,0,2
BRDA:249,1,1,3
DA:250,2
DA:252,2
FN:260,MarketRegistry.isMarketClosed
FNDA:5,MarketRegistry.isMarketClosed
DA:266,5
FN:273,MarketRegistry.attestLender
FNDA:1,MarketRegistry.attestLender
DA:278,1
FN:285,MarketRegistry.attestLender
FNDA:1,MarketRegistry.attestLender
DA:293,1
FN:308,MarketRegistry.revokeLender
FNDA:1,MarketRegistry.revokeLender
DA:309,1
FN:316,MarketRegistry.revokeLender
FNDA:1,MarketRegistry.revokeLender
DA:323,1
FN:337,MarketRegistry.lenderExitMarket
FNDA:1,MarketRegistry.lenderExitMarket
DA:339,1
DA:342,1
BRDA:342,2,0,1
BRDA:342,2,1,1
DA:343,1
FN:351,MarketRegistry.attestBorrower
FNDA:1,MarketRegistry.attestBorrower
DA:356,1
FN:363,MarketRegistry.attestBorrower
FNDA:1,MarketRegistry.attestBorrower
DA:371,1
FN:386,MarketRegistry.revokeBorrower
FNDA:1,MarketRegistry.revokeBorrower
DA:389,1
FN:396,MarketRegistry.revokeBorrower
FNDA:1,MarketRegistry.revokeBorrower
DA:403,1
FN:417,MarketRegistry.borrowerExitMarket
FNDA:1,MarketRegistry.borrowerExitMarket
DA:419,1
DA:422,1
BRDA:422,3,0,1
BRDA:422,3,1,1
DA:423,1
FN:437,MarketRegistry.resolve
FNDA:1,MarketRegistry.resolve
DA:444,1
DA:447,1
DA:451,1
FN:466,MarketRegistry.transferMarketOwnership
FNDA:2,MarketRegistry.transferMarketOwnership
DA:470,1
DA:471,1
FN:487,MarketRegistry.updateMarketSettings
FNDA:2,MarketRegistry.updateMarketSettings
DA:499,1
FN:521,MarketRegistry.setMarketFeeRecipient
FNDA:2,MarketRegistry.setMarketFeeRecipient
DA:525,1
DA:526,1
FN:537,MarketRegistry.setMarketURI
FNDA:2,MarketRegistry.setMarketURI
DA:543,9
BRDA:542,4,0,9
BRDA:542,4,1,9
DA:546,9
DA:548,9
FN:559,MarketRegistry.setPaymentCycle
FNDA:4,MarketRegistry.setPaymentCycle
DA:564,11
BRDA:564,5,0,2
BRDA:564,5,1,9
DA:570,9
DA:571,9
DA:575,9
BRDA:574,6,0,-
BRDA:574,6,1,9
DA:578,9
DA:579,9
DA:581,9
FN:591,MarketRegistry.setPaymentDefaultDuration
FNDA:2,MarketRegistry.setPaymentDefaultDuration
DA:595,9
BRDA:595,7,0,9
BRDA:595,7,1,9
DA:596,9
DA:598,9
FN:602,MarketRegistry.setBidExpirationTime
FNDA:2,MarketRegistry.setBidExpirationTime
DA:606,9
BRDA:606,8,0,9
BRDA:606,8,1,9
DA:607,9
DA:609,9
FN:621,MarketRegistry.setMarketFeePercent
FNDA:2,MarketRegistry.setMarketFeePercent
DA:625,9
BRDA:625,9,0,-
BRDA:625,9,1,9
DA:626,9
BRDA:626,10,0,9
BRDA:626,10,1,9
DA:627,9
DA:628,9
FN:637,MarketRegistry.setMarketPaymentType
FNDA:3,MarketRegistry.setMarketPaymentType
DA:641,10
BRDA:641,11,0,-
BRDA:641,11,1,1
DA:642,1
DA:643,1
FN:655,MarketRegistry.setLenderAttestationRequired
FNDA:7,MarketRegistry.setLenderAttestationRequired
DA:659,14
BRDA:659,12,0,4
BRDA:659,12,1,14
DA:660,4
DA:661,4
FN:673,MarketRegistry.setBorrowerAttestationRequired
FNDA:4,MarketRegistry.setBorrowerAttestationRequired
DA:677,11
BRDA:677,13,0,2
BRDA:677,13,1,11
DA:678,2
DA:679,2
FN:687,MarketRegistry.getMarketData
FNDA:2,MarketRegistry.getMarketData
DA:700,2
FN:715,MarketRegistry.getMarketAttestationRequirements
FNDA:4,MarketRegistry.getMarketAttestationRequirements
DA:723,4
FN:734,MarketRegistry.getMarketOwner
FNDA:0,MarketRegistry.getMarketOwner
DA:741,0
FN:750,MarketRegistry._getMarketOwner
FNDA:2,MarketRegistry._getMarketOwner
DA:756,2
FN:764,MarketRegistry.getMarketFeeRecipient
FNDA:4,MarketRegistry.getMarketFeeRecipient
DA:770,4
DA:772,4
BRDA:772,14,0,2
BRDA:772,14,1,2
DA:773,2
DA:776,2
FN:784,MarketRegistry.getMarketURI
FNDA:1,MarketRegistry.getMarketURI
DA:790,1
FN:799,MarketRegistry.getPaymentCycle
FNDA:5,MarketRegistry.getPaymentCycle
DA:805,5
FN:816,MarketRegistry.getPaymentDefaultDuration
FNDA:2,MarketRegistry.getPaymentDefaultDuration
DA:822,2
FN:830,MarketRegistry.getPaymentType
FNDA:3,MarketRegistry.getPaymentType
DA:836,3
FN:839,MarketRegistry.getBidExpirationTime
FNDA:2,MarketRegistry.getBidExpirationTime
DA:845,2
FN:853,MarketRegistry.getMarketplaceFee
FNDA:2,MarketRegistry.getMarketplaceFee
DA:859,2
FN:869,MarketRegistry.isVerifiedLender
FNDA:2,MarketRegistry.isVerifiedLender
DA:875,2
FN:891,MarketRegistry.isVerifiedBorrower
FNDA:2,MarketRegistry.isVerifiedBorrower
DA:897,2
FN:913,MarketRegistry.getAllVerifiedLendersForMarket
FNDA:1,MarketRegistry.getAllVerifiedLendersForMarket
DA:918,1
DA:921,1
FN:931,MarketRegistry.getAllVerifiedBorrowersForMarket
FNDA:1,MarketRegistry.getAllVerifiedBorrowersForMarket
DA:936,1
DA:938,1
FN:951,MarketRegistry._setMarketSettings
FNDA:8,MarketRegistry._setMarketSettings
DA:963,8
DA:964,8
DA:965,8
DA:966,8
DA:967,8
DA:968,8
DA:969,8
DA:970,8
FN:980,MarketRegistry._getStakeholdersForMarket
FNDA:2,MarketRegistry._getStakeholdersForMarket
DA:985,2
DA:987,2
DA:988,2
BRDA:988,15,0,-
BRDA:988,15,1,2
DA:989,2
DA:991,2
BRDA:991,16,0,2
BRDA:991,16,1,2
DA:992,2
DA:995,2
DA:996,2
DA:997,2
FN:1012,MarketRegistry._attestStakeholder
FNDA:2,MarketRegistry._attestStakeholder
DA:1024,2
BRDA:1024,17,0,1
BRDA:1024,17,1,1
DA:1030,1
DA:1037,1
FN:1056,MarketRegistry._attestStakeholderViaDelegation
FNDA:0,MarketRegistry._attestStakeholderViaDelegation
DA:1071,0
DA:1073,0
DA:1074,0
DA:1076,0
DA:1088,0
FN:1103,MarketRegistry._attestStakeholderVerification
FNDA:5,MarketRegistry._attestStakeholderVerification
DA:1109,5
BRDA:1109,18,0,3
BRDA:1109,18,1,2
DA:1111,3
DA:1115,3
DA:1119,3
DA:1122,2
DA:1126,2
DA:1130,2
FN:1141,MarketRegistry._revokeStakeholder
FNDA:2,MarketRegistry._revokeStakeholder
DA:1146,2
BRDA:1146,19,0,1
BRDA:1146,19,1,1
DA:1151,1
FN:1169,MarketRegistry._revokeStakeholderViaDelegation
FNDA:2,MarketRegistry._revokeStakeholderViaDelegation
DA:1177,2
FN:1194,MarketRegistry._revokeStakeholderVerification
FNDA:1,MarketRegistry._revokeStakeholderVerification
DA:1199,1
BRDA:1199,20,0,1
BRDA:1199,20,1,-
DA:1200,1
DA:1204,1
DA:1208,1
DA:1210,0
DA:1214,0
DA:1218,0
FN:1228,MarketRegistry._isVerified
FNDA:5,MarketRegistry._isVerified
DA:1234,5
BRDA:1234,21,0,-
BRDA:1234,21,1,1
DA:1235,2
DA:1240,2
DA:1242,3
FNF:52
FNH:49
LF:131
LH:119
BRF:44
BRH:37
end_of_record
TN:
SF:contracts/MetaForwarder.sol
FN:7,MetaForwarder.initialize
FNDA:0,MetaForwarder.initialize
DA:8,0
FNF:1
FNH:0
LF:1
LH:0
BRF:0
BRH:0
end_of_record
TN:
SF:contracts/ProtocolFee.sol
FN:21,ProtocolFee.__ProtocolFee_init
FNDA:23,ProtocolFee.__ProtocolFee_init
DA:22,23
DA:23,23
FN:26,ProtocolFee.__ProtocolFee_init_unchained
FNDA:23,ProtocolFee.__ProtocolFee_init_unchained
DA:30,23
FN:36,ProtocolFee.protocolFee
FNDA:4,ProtocolFee.protocolFee
DA:37,6
FN:44,ProtocolFee.setProtocolFee
FNDA:4,ProtocolFee.setProtocolFee
DA:46,26
BRDA:46,0,0,14
BRDA:46,0,1,26
DA:48,14
DA:49,14
DA:50,14
FNF:4
FNH:4
LF:8
LH:8
BRF:2
BRH:2
end_of_record
TN:
SF:contracts/ProtocolFeeMock.sol
FN:9,ProtocolFeeMock.initialize
FNDA:0,ProtocolFeeMock.initialize
DA:10,0
FN:13,ProtocolFeeMock.setProtocolFee
FNDA:0,ProtocolFeeMock.setProtocolFee
DA:14,0
DA:16,0
DA:18,0
DA:22,0
BRDA:22,0,0,-
BRDA:22,0,1,-
DA:23,0
FNF:2
FNH:0
LF:6
LH:0
BRF:2
BRH:0
end_of_record
TN:
SF:contracts/ReputationManager.sol
FN:37,ReputationManager.initialize
FNDA:0,ReputationManager.initialize
DA:38,0
FN:41,ReputationManager.getDelinquentLoanIds
FNDA:0,ReputationManager.getDelinquentLoanIds
DA:46,0
DA:47,0
FN:50,ReputationManager.getDefaultedLoanIds
FNDA:0,ReputationManager.getDefaultedLoanIds
DA:55,0
DA:56,0
FN:59,ReputationManager.getCurrentDelinquentLoanIds
FNDA:0,ReputationManager.getCurrentDelinquentLoanIds
DA:64,0
DA:65,0
FN:68,ReputationManager.getCurrentDefaultLoanIds
FNDA:0,ReputationManager.getCurrentDefaultLoanIds
DA:73,0
DA:74,0
FN:77,ReputationManager.updateAccountReputation
FNDA:0,ReputationManager.updateAccountReputation
DA:78,0
DA:81,0
DA:82,0
FN:86,ReputationManager.updateAccountReputation
FNDA:1,ReputationManager.updateAccountReputation
DA:91,1
FN:94,ReputationManager._applyReputation
FNDA:1,ReputationManager._applyReputation
DA:98,0
DA:100,1
BRDA:100,0,0,-
BRDA:100,0,1,1
DA:101,0
DA:104,0
DA:105,1
BRDA:105,1,0,-
BRDA:105,1,1,1
DA:106,0
DA:110,1
BRDA:110,2,0,-
BRDA:110,2,1,1
DA:111,0
FN:115,ReputationManager._addMark
FNDA:0,ReputationManager._addMark
DA:118,0
BRDA:118,3,0,-
BRDA:118,3,1,-
DA:119,0
DA:120,0
DA:121,0
BRDA:121,4,0,-
BRDA:121,4,1,-
DA:122,0
DA:123,0
DA:126,0
FN:129,ReputationManager._removeMark
FNDA:0,ReputationManager._removeMark
DA:132,0
BRDA:132,5,0,-
BRDA:132,5,1,-
DA:133,0
DA:134,0
BRDA:134,6,0,-
BRDA:134,6,1,-
DA:135,0
DA:138,0
FNF:10
FNH:2
LF:33
LH:4
BRF:14
BRH:3
end_of_record
TN:
SF:contracts/TLR.sol
FN:27,TLR._maxSupply
FNDA:0,TLR._maxSupply
DA:28,0
FN:39,TLR.mint
FNDA:0,TLR.mint
DA:40,0
FN:54,TLR.burn
FNDA:0,TLR.burn
DA:55,0
FNF:3
FNH:0
LF:3
LH:0
BRF:0
BRH:0
end_of_record
TN:
SF:contracts/TellerV2.sol
FN:175,TellerV2.initialize
FNDA:6,TellerV2.initialize
DA:183,6
DA:185,6
DA:187,6
BRDA:187,0,0,1
BRDA:187,0,1,5
DA:191,5
DA:193,5
BRDA:193,1,0,1
BRDA:193,1,1,4
DA:197,4
DA:199,4
BRDA:199,2,0,1
BRDA:199,2,1,3
DA:203,3
DA:205,3
BRDA:205,3,0,1
BRDA:205,3,1,2
DA:209,2
DA:211,2
FN:214,TellerV2.setLenderManager
FNDA:2,TellerV2.setLenderManager
DA:219,1
FN:222,TellerV2._setLenderManager
FNDA:6,TellerV2._setLenderManager
DA:226,6
BRDA:226,4,0,2
BRDA:226,4,1,4
DA:230,4
FN:238,TellerV2.getMetadataURI
FNDA:2,TellerV2.getMetadataURI
DA:244,2
DA:247,2
BRDA:246,5,0,1
BRDA:246,5,1,2
DA:251,1
DA:252,1
FN:260,TellerV2.setReputationManager
FNDA:1,TellerV2.setReputationManager
DA:261,0
FN:274,TellerV2.submitBid
FNDA:2,TellerV2.submitBid
DA:283,1
FN:305,TellerV2.submitBid
FNDA:4,TellerV2.submitBid
DA:315,3
DA:325,3
DA:330,3
BRDA:330,6,0,1
BRDA:330,6,1,2
FN:336,TellerV2._submitBid
FNDA:4,TellerV2._submitBid
DA:346,4
DA:348,4
DA:353,4
BRDA:353,7,0,1
BRDA:353,7,1,3
DA:355,3
BRDA:355,8,0,1
BRDA:355,8,1,2
DA:361,2
DA:364,2
DA:365,2
DA:366,2
DA:367,2
DA:368,2
DA:369,2
DA:370,2
DA:371,2
DA:374,2
DA:377,2
DA:379,2
DA:383,2
DA:387,2
DA:389,2
DA:401,2
DA:402,2
DA:404,2
DA:412,2
DA:415,2
FN:422,TellerV2.cancelBid
FNDA:2,TellerV2.cancelBid
DA:424,2
BRDA:423,9,0,1
BRDA:423,9,1,1
DA:427,1
DA:433,1
FN:440,TellerV2.marketOwnerCancelBid
FNDA:2,TellerV2.marketOwnerCancelBid
DA:442,2
BRDA:441,10,0,-
BRDA:441,10,1,1
DA:445,0
DA:451,1
DA:452,1
FN:459,TellerV2._cancelBid
FNDA:2,TellerV2._cancelBid
DA:465,1
DA:468,1
FN:475,TellerV2.lenderAcceptBid
FNDA:7,TellerV2.lenderAcceptBid
DA:487,5
DA:489,5
DA:491,5
DA:495,5
BRDA:495,11,0,1
BRDA:495,11,1,4
DA:497,4
BRDA:497,12,0,1
BRDA:497,12,1,3
DA:502,3
BRDA:502,13,0,1
BRDA:502,13,1,2
DA:505,2
DA:506,2
DA:509,2
DA:512,2
DA:515,2
DA:518,2
DA:519,2
DA:522,2
DA:527,2
DA:534,2
DA:541,2
DA:548,2
DA:551,2
DA:556,2
DA:559,2
DA:561,2
DA:562,2
FN:565,TellerV2.claimLoanNFT
FNDA:3,TellerV2.claimLoanNFT
DA:571,2
DA:573,2
DA:574,2
BRDA:574,14,0,1
BRDA:574,14,1,1
DA:576,1
DA:578,1
FN:585,TellerV2.repayLoanMinimum
FNDA:3,TellerV2.repayLoanMinimum
DA:589,2
DA:593,2
DA:598,1
FN:610,TellerV2.repayLoanFull
FNDA:3,TellerV2.repayLoanFull
DA:614,2
DA:620,2
FN:634,TellerV2.repayLoan
FNDA:2,TellerV2.repayLoan
DA:638,1
DA:642,1
DA:647,1
DA:650,1
BRDA:650,15,0,-
BRDA:650,15,1,1
DA:651,0
DA:654,1
FN:665,TellerV2.pauseProtocol
FNDA:7,TellerV2.pauseProtocol
DA:666,5
FN:672,TellerV2.unpauseProtocol
FNDA:2,TellerV2.unpauseProtocol
DA:673,1
FN:681,TellerV2.liquidateLoanFull
FNDA:2,TellerV2.liquidateLoanFull
DA:685,1
BRDA:685,16,0,-
BRDA:685,16,1,1
DA:687,1
DA:690,1
DA:696,1
DA:703,1
DA:706,1
DA:707,1
DA:709,1
FN:718,TellerV2._repayLoan
FNDA:2,TellerV2._repayLoan
DA:724,2
DA:725,2
DA:729,2
DA:736,2
BRDA:736,17,0,-
BRDA:736,17,1,1
DA:737,2
DA:738,2
DA:741,2
DA:744,2
BRDA:744,18,0,-
BRDA:744,18,1,1
DA:745,1
DA:748,2
DA:750,0
DA:753,2
DA:757,2
DA:764,2
DA:765,2
DA:766,2
DA:771,2
BRDA:771,19,0,-
BRDA:771,19,1,-
DA:773,0
FN:782,TellerV2.calculateAmountOwed
FNDA:2,TellerV2.calculateAmountOwed
DA:787,2
BRDA:787,20,0,2
BRDA:787,20,1,2
DA:789,2
DA:795,2
DA:796,2
FN:804,TellerV2.calculateAmountOwed
FNDA:1,TellerV2.calculateAmountOwed
DA:809,1
DA:811,1
BRDA:810,21,0,-
BRDA:810,21,1,1
DA:813,0
DA:815,1
DA:817,1
DA:818,1
FN:825,TellerV2.calculateAmountDue
FNDA:2,TellerV2.calculateAmountDue
DA:830,2
BRDA:830,22,0,1
BRDA:830,22,1,2
DA:832,1
DA:838,1
DA:839,1
FN:847,TellerV2.calculateAmountDue
FNDA:2,TellerV2.calculateAmountDue
DA:852,2
DA:854,2
BRDA:853,23,0,1
BRDA:853,23,1,1
DA:856,1
DA:858,1
DA:860,1
DA:861,1
FN:868,TellerV2.calculateNextDueDate
FNDA:5,TellerV2.calculateNextDueDate
DA:873,7
DA:874,7
BRDA:874,24,0,1
BRDA:874,24,1,6
DA:876,6
DA:879,6
BRDA:879,25,0,-
BRDA:879,25,1,2
DA:881,2
DA:886,2
BRDA:885,26,0,-
BRDA:885,26,1,2
DA:889,0
DA:891,2
DA:894,2
DA:900,4
BRDA:900,27,0,2
BRDA:900,27,1,4
DA:902,4
DA:906,4
DA:908,4
BRDA:908,28,0,2
BRDA:908,28,1,4
DA:909,2
DA:912,2
DA:916,6
DA:919,6
BRDA:919,29,0,3
BRDA:919,29,1,6
DA:920,3
FN:928,TellerV2.isPaymentLate
FNDA:3,TellerV2.isPaymentLate
DA:929,3
BRDA:929,30,0,1
BRDA:929,30,1,2
DA:930,2
FN:938,TellerV2.isLoanDefaulted
FNDA:1,TellerV2.isLoanDefaulted
DA:944,1
FN:952,TellerV2.isLoanLiquidateable
FNDA:2,TellerV2.isLoanLiquidateable
DA:958,3
FN:967,TellerV2._canLiquidateLoan
FNDA:8,TellerV2._canLiquidateLoan
DA:972,8
DA:975,8
BRDA:975,31,0,2
BRDA:975,31,1,6
DA:977,6
BRDA:977,32,0,1
BRDA:977,32,1,5
DA:979,5
FN:985,TellerV2.getBidState
FNDA:2,TellerV2.getBidState
DA:991,2
FN:994,TellerV2.getBorrowerActiveLoanIds
FNDA:0,TellerV2.getBorrowerActiveLoanIds
DA:1000,0
FN:1003,TellerV2.getBorrowerLoanIds
FNDA:0,TellerV2.getBorrowerLoanIds
DA:1008,0
FN:1015,TellerV2.isLoanExpired
FNDA:4,TellerV2.isLoanExpired
DA:1016,7
DA:1018,7
BRDA:1018,33,0,1
BRDA:1018,33,1,6
DA:1019,6
BRDA:1019,34,0,3
BRDA:1019,34,1,3
DA:1021,3
FN:1029,TellerV2.lastRepaidTimestamp
FNDA:1,TellerV2.lastRepaidTimestamp
DA:1030,12
FN:1038,TellerV2.getLoanBorrower
FNDA:4,TellerV2.getLoanBorrower
DA:1043,4
FN:1051,TellerV2.getLoanLender
FNDA:2,TellerV2.getLoanLender
DA:1056,4
DA:1058,4
BRDA:1058,35,0,-
BRDA:1058,35,1,1
DA:1059,1
FN:1063,TellerV2.getLoanLendingToken
FNDA:1,TellerV2.getLoanLendingToken
DA:1068,1
FN:1071,TellerV2.getLoanMarketId
FNDA:1,TellerV2.getLoanMarketId
DA:1076,1
FN:1079,TellerV2.getLoanSummary
FNDA:1,TellerV2.getLoanSummary
DA:1092,1
DA:1094,1
DA:1095,1
DA:1096,1
DA:1097,1
DA:1098,1
DA:1099,1
DA:1100,1
FN:1105,TellerV2._msgSender
FNDA:61,TellerV2._msgSender
DA:1112,61
FN:1115,TellerV2._msgData
FNDA:0,TellerV2._msgData
DA:1122,0
FNF:41
FNH:38
LF:193
LH:183
BRF:72
BRH:61
end_of_record
TN:
SF:contracts/TellerV2Autopay.sol
FN:61,TellerV2Autopay.initialize
FNDA:0,TellerV2Autopay.initialize
DA:62,0
DA:63,0
FN:70,TellerV2Autopay.setAutopayFee
FNDA:0,TellerV2Autopay.setAutopayFee
DA:71,0
FN:74,TellerV2Autopay._setAutopayFee
FNDA:0,TellerV2Autopay._setAutopayFee
DA:76,0
BRDA:76,0,0,-
BRDA:76,0,1,-
DA:77,0
DA:78,0
DA:79,0
FN:85,TellerV2Autopay.getAutopayFee
FNDA:0,TellerV2Autopay.getAutopayFee
DA:86,0
FN:94,TellerV2Autopay.setAutoPayEnabled
FNDA:0,TellerV2Autopay.setAutoPayEnabled
DA:95,0
BRDA:95,1,0,-
BRDA:95,1,1,-
DA:100,0
DA:102,0
FN:109,TellerV2Autopay.autoPayLoanMinimum
FNDA:0,TellerV2Autopay.autoPayLoanMinimum
DA:110,0
BRDA:110,2,0,-
BRDA:110,2,1,-
DA:115,0
DA:116,0
DA:118,0
DA:119,0
DA:124,0
DA:131,0
DA:134,0
DA:137,0
DA:139,0
FN:142,TellerV2Autopay.getEstimatedMinimumPayment
FNDA:0,TellerV2Autopay.getEstimatedMinimumPayment
DA:147,0
DA:149,0
FNF:7
FNH:0
LF:23
LH:0
BRF:6
BRH:0
end_of_record
TN:
SF:contracts/TellerV2Context.sol
FN:38,TellerV2Context.isTrustedMarketForwarder
FNDA:9,TellerV2Context.isTrustedMarketForwarder
DA:42,37
FN:54,TellerV2Context.hasApprovedMarketForwarder
FNDA:8,TellerV2Context.hasApprovedMarketForwarder
DA:59,8
FN:70,TellerV2Context.setTrustedMarketForwarder
FNDA:8,TellerV2Context.setTrustedMarketForwarder
DA:73,8
BRDA:73,0,0,1
BRDA:73,0,1,7
DA:77,7
DA:78,7
FN:87,TellerV2Context.approveMarketForwarder
FNDA:10,TellerV2Context.approveMarketForwarder
DA:90,10
BRDA:90,1,0,1
BRDA:90,1,1,9
DA:94,9
DA:95,9
FN:103,TellerV2Context._msgSenderForMarket
FNDA:8,TellerV2Context._msgSenderForMarket
DA:109,8
BRDA:109,2,0,1
BRDA:109,2,1,3
DA:110,4
DA:112,4
DA:115,4
BRDA:115,3,0,1
BRDA:115,3,1,3
DA:119,3
DA:122,4
FN:130,TellerV2Context._msgDataForMarket
FNDA:2,TellerV2Context._msgDataForMarket
DA:136,2
BRDA:136,4,0,2
BRDA:136,4,1,-
DA:137,2
DA:139,0
FNF:6
FNH:6
LF:17
LH:16
BRF:10
BRH:9
end_of_record
TN:
SF:contracts/TellerV2MarketForwarder.sol
FN:39,TellerV2MarketForwarder.getTellerV2
FNDA:0,TellerV2MarketForwarder.getTellerV2
DA:40,0
FN:43,TellerV2MarketForwarder.getMarketRegistry
FNDA:0,TellerV2MarketForwarder.getMarketRegistry
DA:44,0
FN:47,TellerV2MarketForwarder.getTellerV2MarketOwner
FNDA:0,TellerV2MarketForwarder.getTellerV2MarketOwner
DA:48,0
FN:60,TellerV2MarketForwarder._forwardCall
FNDA:2,TellerV2MarketForwarder._forwardCall
DA:64,2
FN:75,TellerV2MarketForwarder._submitBid
FNDA:0,TellerV2MarketForwarder._submitBid
DA:79,0
DA:81,0
DA:95,0
FN:103,TellerV2MarketForwarder._submitBidWithCollateral
FNDA:0,TellerV2MarketForwarder._submitBidWithCollateral
DA:108,0
DA:110,0
DA:125,0
FN:133,TellerV2MarketForwarder._acceptBid
FNDA:0,TellerV2MarketForwarder._acceptBid
DA:139,0
DA:144,0
FNF:7
FNH:1
LF:12
LH:1
BRF:0
BRH:0
end_of_record
TN:
SF:contracts/TellerV2Mock.sol
FN:9,TellerV2Mock.mockBid
FNDA:0,TellerV2Mock.mockBid
DA:10,0
DA:11,0
DA:12,0
FN:15,TellerV2Mock.mockAcceptedTimestamp
FNDA:0,TellerV2Mock.mockAcceptedTimestamp
DA:16,0
BRDA:16,0,0,-
BRDA:16,0,1,-
DA:17,0
FN:20,TellerV2Mock.mockAcceptedTimestamp
FNDA:0,TellerV2Mock.mockAcceptedTimestamp
DA:21,0
FN:24,TellerV2Mock.mockLastRepaidTimestamp
FNDA:0,TellerV2Mock.mockLastRepaidTimestamp
DA:27,0
BRDA:27,1,0,-
BRDA:27,1,1,-
DA:28,0
FN:31,TellerV2Mock.setVersion
FNDA:0,TellerV2Mock.setVersion
DA:32,0
FNF:5
FNH:0
LF:9
LH:0
BRF:4
BRH:0
end_of_record
TN:
SF:contracts/escrow/CollateralEscrowV1.sol
FN:32,CollateralEscrowV1.initialize
FNDA:3,CollateralEscrowV1.initialize
DA:33,3
DA:34,3
FN:37,CollateralEscrowV1.getBid
FNDA:1,CollateralEscrowV1.getBid
DA:38,1
FN:48,CollateralEscrowV1.depositAsset
FNDA:8,CollateralEscrowV1.depositAsset
DA:54,7
BRDA:54,0,0,1
BRDA:54,0,1,6
DA:55,6
DA:61,6
DA:64,6
BRDA:64,1,0,1
BRDA:64,1,1,5
DA:67,5
DA:68,5
DA:69,5
DA:70,5
FN:79,CollateralEscrowV1.withdraw
FNDA:10,CollateralEscrowV1.withdraw
DA:84,9
BRDA:84,2,0,1
BRDA:84,2,1,8
DA:85,8
DA:86,8
BRDA:86,3,0,4
BRDA:86,3,1,4
DA:90,4
DA:96,4
DA:97,4
FN:100,CollateralEscrowV1._depositCollateral
FNDA:10,CollateralEscrowV1._depositCollateral
DA:107,10
BRDA:107,4,0,3
BRDA:107,4,1,7
DA:108,3
DA:116,7
BRDA:116,5,0,-
BRDA:116,5,1,4
DA:117,5
BRDA:117,6,0,1
BRDA:117,6,1,4
DA:118,4
DA:125,2
BRDA:125,7,0,-
BRDA:125,7,1,2
DA:126,2
DA:128,2
DA:136,0
FN:141,CollateralEscrowV1._withdrawCollateral
FNDA:8,CollateralEscrowV1._withdrawCollateral
DA:148,8
BRDA:148,8,0,-
BRDA:148,8,1,3
DA:149,3
DA:155,5
BRDA:155,9,0,-
BRDA:155,9,1,2
DA:156,3
BRDA:156,10,0,1
BRDA:156,10,1,2
DA:157,2
DA:164,2
BRDA:164,11,0,-
BRDA:164,11,1,2
DA:165,2
DA:167,2
DA:175,0
FN:182,CollateralEscrowV1.onERC721Received
FNDA:1,CollateralEscrowV1.onERC721Received
DA:187,1
FN:193,CollateralEscrowV1.onERC1155Received
FNDA:5,CollateralEscrowV1.onERC1155Received
DA:200,5
FN:208,CollateralEscrowV1.onERC1155BatchReceived
FNDA:2,CollateralEscrowV1.onERC1155BatchReceived
DA:215,2
BRDA:215,12,0,1
BRDA:215,12,1,1
DA:219,1
FNF:9
FNH:9
LF:39
LH:37
BRF:26
BRH:21
end_of_record
TN:
SF:contracts/libraries/DateTimeLib.sol
FN:56,BokkyPooBahsDateTimeLibrary._daysFromDate
FNDA:0,BokkyPooBahsDateTimeLibrary._daysFromDate
DA:61,0
BRDA:61,0,0,-
BRDA:61,0,1,-
DA:62,0
DA:63,0
DA:64,0
DA:66,0
DA:76,0
FN:96,BokkyPooBahsDateTimeLibrary._daysToDate
FNDA:0,BokkyPooBahsDateTimeLibrary._daysToDate
DA:101,0
DA:103,0
DA:104,0
DA:105,0
DA:106,0
DA:107,0
DA:108,0
DA:109,0
DA:110,0
DA:111,0
DA:112,0
DA:114,0
DA:115,0
DA:116,0
FN:119,BokkyPooBahsDateTimeLibrary.timestampFromDate
FNDA:0,BokkyPooBahsDateTimeLibrary.timestampFromDate
DA:124,0
FN:127,BokkyPooBahsDateTimeLibrary.timestampFromDateTime
FNDA:0,BokkyPooBahsDateTimeLibrary.timestampFromDateTime
DA:135,0
FN:145,BokkyPooBahsDateTimeLibrary.timestampToDate
FNDA:0,BokkyPooBahsDateTimeLibrary.timestampToDate
DA:150,0
FN:153,BokkyPooBahsDateTimeLibrary.timestampToDateTime
FNDA:0,BokkyPooBahsDateTimeLibrary.timestampToDateTime
DA:165,0
DA:166,0
DA:167,0
DA:168,0
DA:169,0
DA:170,0
FN:173,BokkyPooBahsDateTimeLibrary.isValidDate
FNDA:0,BokkyPooBahsDateTimeLibrary.isValidDate
DA:178,0
BRDA:178,1,0,-
BRDA:178,1,1,-
DA:179,0
DA:180,0
BRDA:180,2,0,-
BRDA:180,2,1,-
DA:181,0
FN:186,BokkyPooBahsDateTimeLibrary.isValidDateTime
FNDA:0,BokkyPooBahsDateTimeLibrary.isValidDateTime
DA:194,0
BRDA:194,3,0,-
BRDA:194,3,1,-
DA:195,0
BRDA:195,4,0,-
BRDA:195,4,1,-
DA:196,0
FN:201,BokkyPooBahsDateTimeLibrary.isLeapYear
FNDA:0,BokkyPooBahsDateTimeLibrary.isLeapYear
DA:202,0
DA:203,0
FN:206,BokkyPooBahsDateTimeLibrary._isLeapYear
FNDA:0,BokkyPooBahsDateTimeLibrary._isLeapYear
DA:207,0
FN:210,BokkyPooBahsDateTimeLibrary.isWeekDay
FNDA:0,BokkyPooBahsDateTimeLibrary.isWeekDay
DA:211,0
FN:214,BokkyPooBahsDateTimeLibrary.isWeekEnd
FNDA:0,BokkyPooBahsDateTimeLibrary.isWeekEnd
DA:215,0
FN:218,BokkyPooBahsDateTimeLibrary.getDaysInMonth
FNDA:0,BokkyPooBahsDateTimeLibrary.getDaysInMonth
DA:223,0
DA:224,0
FN:227,BokkyPooBahsDateTimeLibrary._getDaysInMonth
FNDA:0,BokkyPooBahsDateTimeLibrary._getDaysInMonth
DA:233,0
BRDA:232,5,0,-
BRDA:232,5,1,-
DA:241,0
DA:242,0
BRDA:242,6,0,-
BRDA:242,6,1,-
DA:243,0
DA:245,0
FN:250,BokkyPooBahsDateTimeLibrary.getDayOfWeek
FNDA:0,BokkyPooBahsDateTimeLibrary.getDayOfWeek
DA:255,0
DA:256,0
FN:259,BokkyPooBahsDateTimeLibrary.getYear
FNDA:0,BokkyPooBahsDateTimeLibrary.getYear
DA:260,0
FN:263,BokkyPooBahsDateTimeLibrary.getMonth
FNDA:0,BokkyPooBahsDateTimeLibrary.getMonth
DA:264,0
FN:267,BokkyPooBahsDateTimeLibrary.getDay
FNDA:0,BokkyPooBahsDateTimeLibrary.getDay
DA:268,0
FN:271,BokkyPooBahsDateTimeLibrary.getHour
FNDA:0,BokkyPooBahsDateTimeLibrary.getHour
DA:272,0
DA:273,0
FN:276,BokkyPooBahsDateTimeLibrary.getMinute
FNDA:0,BokkyPooBahsDateTimeLibrary.getMinute
DA:277,0
DA:278,0
FN:281,BokkyPooBahsDateTimeLibrary.getSecond
FNDA:0,BokkyPooBahsDateTimeLibrary.getSecond
DA:282,0
FN:285,BokkyPooBahsDateTimeLibrary.addYears
FNDA:0,BokkyPooBahsDateTimeLibrary.addYears
DA:290,0
DA:293,0
DA:294,0
DA:295,0
BRDA:295,7,0,-
BRDA:295,7,1,-
DA:296,0
DA:298,0
DA:302,0
BRDA:302,8,0,-
BRDA:302,8,1,-
FN:305,BokkyPooBahsDateTimeLibrary.addMonths
FNDA:0,BokkyPooBahsDateTimeLibrary.addMonths
DA:310,0
DA:313,0
DA:314,0
DA:315,0
DA:316,0
DA:317,0
BRDA:317,9,0,-
BRDA:317,9,1,-
DA:318,0
DA:320,0
DA:324,0
BRDA:324,10,0,-
BRDA:324,10,1,-
FN:327,BokkyPooBahsDateTimeLibrary.addDays
FNDA:0,BokkyPooBahsDateTimeLibrary.addDays
DA:332,0
DA:333,0
BRDA:333,11,0,-
BRDA:333,11,1,-
FN:336,BokkyPooBahsDateTimeLibrary.addHours
FNDA:0,BokkyPooBahsDateTimeLibrary.addHours
DA:341,0
DA:342,0
BRDA:342,12,0,-
BRDA:342,12,1,-
FN:345,BokkyPooBahsDateTimeLibrary.addMinutes
FNDA:0,BokkyPooBahsDateTimeLibrary.addMinutes
DA:350,0
DA:351,0
BRDA:351,13,0,-
BRDA:351,13,1,-
FN:354,BokkyPooBahsDateTimeLibrary.addSeconds
FNDA:0,BokkyPooBahsDateTimeLibrary.addSeconds
DA:359,0
DA:360,0
BRDA:360,14,0,-
BRDA:360,14,1,-
FN:363,BokkyPooBahsDateTimeLibrary.subYears
FNDA:0,BokkyPooBahsDateTimeLibrary.subYears
DA:368,0
DA:371,0
DA:372,0
DA:373,0
BRDA:373,15,0,-
BRDA:373,15,1,-
DA:374,0
DA:376,0
DA:380,0
BRDA:380,16,0,-
BRDA:380,16,1,-
FN:383,BokkyPooBahsDateTimeLibrary.subMonths
FNDA:0,BokkyPooBahsDateTimeLibrary.subMonths
DA:388,0
DA:391,0
DA:392,0
DA:393,0
DA:394,0
DA:395,0
BRDA:395,17,0,-
BRDA:395,17,1,-
DA:396,0
DA:398,0
DA:402,0
BRDA:402,18,0,-
BRDA:402,18,1,-
FN:405,BokkyPooBahsDateTimeLibrary.subDays
FNDA:0,BokkyPooBahsDateTimeLibrary.subDays
DA:410,0
DA:411,0
BRDA:411,19,0,-
BRDA:411,19,1,-
FN:414,BokkyPooBahsDateTimeLibrary.subHours
FNDA:0,BokkyPooBahsDateTimeLibrary.subHours
DA:419,0
DA:420,0
BRDA:420,20,0,-
BRDA:420,20,1,-
FN:423,BokkyPooBahsDateTimeLibrary.subMinutes
FNDA:0,BokkyPooBahsDateTimeLibrary.subMinutes
DA:428,0
DA:429,0
BRDA:429,21,0,-
BRDA:429,21,1,-
FN:432,BokkyPooBahsDateTimeLibrary.subSeconds
FNDA:0,BokkyPooBahsDateTimeLibrary.subSeconds
DA:437,0
DA:438,0
BRDA:438,22,0,-
BRDA:438,22,1,-
FN:441,BokkyPooBahsDateTimeLibrary.diffYears
FNDA:0,BokkyPooBahsDateTimeLibrary.diffYears
DA:446,0
BRDA:446,23,0,-
BRDA:446,23,1,-
DA:447,0
DA:448,0
DA:449,0
FN:452,BokkyPooBahsDateTimeLibrary.diffMonths
FNDA:0,BokkyPooBahsDateTimeLibrary.diffMonths
DA:457,0
BRDA:457,24,0,-
BRDA:457,24,1,-
DA:458,0
DA:461,0
DA:464,0
FN:467,BokkyPooBahsDateTimeLibrary.diffDays
FNDA:0,BokkyPooBahsDateTimeLibrary.diffDays
DA:472,0
BRDA:472,25,0,-
BRDA:472,25,1,-
DA:473,0
FN:476,BokkyPooBahsDateTimeLibrary.diffHours
FNDA:0,BokkyPooBahsDateTimeLibrary.diffHours
DA:481,0
BRDA:481,26,0,-
BRDA:481,26,1,-
DA:482,0
FN:485,BokkyPooBahsDateTimeLibrary.diffMinutes
FNDA:0,BokkyPooBahsDateTimeLibrary.diffMinutes
DA:490,0
BRDA:490,27,0,-
BRDA:490,27,1,-
DA:491,0
FN:494,BokkyPooBahsDateTimeLibrary.diffSeconds
FNDA:0,BokkyPooBahsDateTimeLibrary.diffSeconds
DA:499,0
BRDA:499,28,0,-
BRDA:499,28,1,-
DA:500,0
FNF:39
FNH:0
LF:122
LH:0
BRF:58
BRH:0
end_of_record
TN:
SF:contracts/libraries/NumbersLib.sol
FN:22,NumbersLib.percentFactor
FNDA:0,NumbersLib.percentFactor
DA:23,0
FN:31,NumbersLib.percent
FNDA:0,NumbersLib.percent
DA:36,0
FN:45,NumbersLib.percent
FNDA:0,NumbersLib.percent
DA:50,0
FN:58,NumbersLib.abs
FNDA:0,NumbersLib.abs
DA:59,0
FN:69,NumbersLib.ratioOf
FNDA:0,NumbersLib.ratioOf
DA:74,0
FN:84,NumbersLib.ratioOf
FNDA:0,NumbersLib.ratioOf
DA:89,0
BRDA:89,0,0,-
BRDA:89,0,1,-
DA:90,0
FN:102,NumbersLib.pmt
FNDA:0,NumbersLib.pmt
DA:109,0
BRDA:109,1,0,-
BRDA:109,1,1,-
DA:113,0
BRDA:113,2,0,-
BRDA:113,2,1,-
DA:114,0
DA:123,0
DA:125,0
DA:126,0
DA:129,0
DA:130,0
DA:131,0
DA:133,0
FNF:7
FNH:0
LF:17
LH:0
BRF:6
BRH:0
end_of_record
TN:
SF:contracts/libraries/V2Calculations.sol
FN:27,V2Calculations.lastRepaidTimestamp
FNDA:4,V2Calculations.lastRepaidTimestamp
DA:32,4
FN:44,V2Calculations.calculateAmountOwed
FNDA:2,V2Calculations.calculateAmountOwed
DA:58,2
FN:67,V2Calculations.calculateAmountOwed
FNDA:2,V2Calculations.calculateAmountOwed
DA:81,2
DA:85,2
DA:89,2
DA:90,2
DA:91,2
DA:94,2
DA:99,2
DA:103,2
BRDA:103,0,0,-
BRDA:103,0,1,-
DA:104,0
BRDA:104,1,0,-
BRDA:104,1,1,-
DA:105,0
DA:111,2
DA:116,2
DA:118,2
FN:131,V2Calculations.calculatePaymentCycleAmount
FNDA:1,V2Calculations.calculatePaymentCycleAmount
DA:139,1
DA:142,1
BRDA:142,2,0,-
BRDA:142,2,1,1
DA:143,0
DA:150,1
FNF:4
FNH:4
LF:19
LH:16
BRF:6
BRH:1
end_of_record
TN:
SF:contracts/libraries/WadRayMath.sol
FN:25,WadRayMath.ray
FNDA:0,WadRayMath.ray
DA:26,0
FN:29,WadRayMath.wad
FNDA:0,WadRayMath.wad
DA:30,0
FN:33,WadRayMath.halfRay
FNDA:0,WadRayMath.halfRay
DA:34,0
FN:37,WadRayMath.halfWad
FNDA:0,WadRayMath.halfWad
DA:38,0
FN:41,WadRayMath.wadMul
FNDA:0,WadRayMath.wadMul
DA:42,0
FN:45,WadRayMath.wadDiv
FNDA:0,WadRayMath.wadDiv
DA:46,0
DA:48,0
FN:51,WadRayMath.rayMul
FNDA:0,WadRayMath.rayMul
DA:52,0
FN:55,WadRayMath.rayDiv
FNDA:0,WadRayMath.rayDiv
DA:56,0
DA:58,0
FN:61,WadRayMath.rayToWad
FNDA:0,WadRayMath.rayToWad
DA:62,0
DA:64,0
FN:67,WadRayMath.rayToPct
FNDA:0,WadRayMath.rayToPct
DA:68,0
DA:70,0
DA:71,0
FN:74,WadRayMath.wadToPct
FNDA:0,WadRayMath.wadToPct
DA:75,0
DA:77,0
DA:78,0
FN:81,WadRayMath.wadToRay
FNDA:0,WadRayMath.wadToRay
DA:82,0
FN:85,WadRayMath.pctToRay
FNDA:0,WadRayMath.pctToRay
DA:86,0
FN:89,WadRayMath.pctToWad
FNDA:0,WadRayMath.pctToWad
DA:90,0
FN:97,WadRayMath.rayPow
FNDA:0,WadRayMath.rayPow
DA:98,0
FN:101,WadRayMath.wadPow
FNDA:0,WadRayMath.wadPow
DA:102,0
FN:105,WadRayMath._pow
FNDA:0,WadRayMath._pow
DA:111,0
DA:113,0
DA:114,0
DA:116,0
BRDA:116,0,0,-
BRDA:116,0,1,-
DA:117,0
FNF:17
FNH:0
LF:28
LH:0
BRF:2
BRH:0
end_of_record
TN:
SF:contracts/mock/CollateralManagerMock.sol
FN:13,CollateralManagerMock.commitCollateral
FNDA:2,CollateralManagerMock.commitCollateral
DA:17,2
FN:20,CollateralManagerMock.commitCollateral
FNDA:0,CollateralManagerMock.commitCollateral
DA:24,0
FN:27,CollateralManagerMock.checkBalances
FNDA:0,CollateralManagerMock.checkBalances
DA:31,0
DA:32,0
FN:39,CollateralManagerMock.deployAndDeposit
FNDA:1,CollateralManagerMock.deployAndDeposit
DA:41,1
FN:50,CollateralManagerMock.getEscrow
FNDA:0,CollateralManagerMock.getEscrow
DA:51,0
FN:58,CollateralManagerMock.getCollateralInfo
FNDA:0,CollateralManagerMock.getCollateralInfo
DA:63,0
FN:66,CollateralManagerMock.getCollateralAmount
FNDA:2,CollateralManagerMock.getCollateralAmount
DA:71,2
FN:78,CollateralManagerMock.withdraw
FNDA:0,CollateralManagerMock.withdraw
FN:85,CollateralManagerMock.revalidateCollateral
FNDA:0,CollateralManagerMock.revalidateCollateral
DA:86,0
FN:95,CollateralManagerMock.liquidateCollateral
FNDA:1,CollateralManagerMock.liquidateCollateral
FN:100,CollateralManagerMock.forceSetCommitCollateralValidation
FNDA:1,CollateralManagerMock.forceSetCommitCollateralValidation
DA:101,1
FNF:11
FNH:5
LF:10
LH:4
BRF:0
BRH:0
end_of_record
TN:
SF:contracts/mock/LenderManagerMock.sol
FN:20,LenderManagerMock.registerLoan
FNDA:2,LenderManagerMock.registerLoan
DA:22,2
FN:26,LenderManagerMock.ownerOf
FNDA:2,LenderManagerMock.ownerOf
DA:27,2
FNF:2
FNH:2
LF:2
LH:2
BRF:0
BRH:0
end_of_record
TN:
SF:contracts/mock/MarketRegistryMock.sol
FN:23,MarketRegistryMock.initialize
FNDA:0,MarketRegistryMock.initialize
FN:25,MarketRegistryMock.isVerifiedLender
FNDA:5,MarketRegistryMock.isVerifiedLender
DA:30,5
FN:33,MarketRegistryMock.isMarketClosed
FNDA:5,MarketRegistryMock.isMarketClosed
DA:34,5
FN:37,MarketRegistryMock.isVerifiedBorrower
FNDA:3,MarketRegistryMock.isVerifiedBorrower
DA:42,3
FN:45,MarketRegistryMock.getMarketOwner
FNDA:7,MarketRegistryMock.getMarketOwner
DA:46,7
FN:49,MarketRegistryMock.getMarketFeeRecipient
FNDA:1,MarketRegistryMock.getMarketFeeRecipient
DA:54,1
FN:57,MarketRegistryMock.getMarketURI
FNDA:0,MarketRegistryMock.getMarketURI
DA:62,0
FN:65,MarketRegistryMock.getPaymentCycle
FNDA:1,MarketRegistryMock.getPaymentCycle
DA:70,1
FN:73,MarketRegistryMock.getPaymentDefaultDuration
FNDA:1,MarketRegistryMock.getPaymentDefaultDuration
DA:78,1
FN:81,MarketRegistryMock.getBidExpirationTime
FNDA:1,MarketRegistryMock.getBidExpirationTime
DA:86,1
FN:89,MarketRegistryMock.getMarketplaceFee
FNDA:1,MarketRegistryMock.getMarketplaceFee
DA:90,1
FN:93,MarketRegistryMock.setMarketOwner
FNDA:1,MarketRegistryMock.setMarketOwner
DA:94,1
FN:97,MarketRegistryMock.setMarketFeeRecipient
FNDA:5,MarketRegistryMock.setMarketFeeRecipient
DA:98,5
FN:101,MarketRegistryMock.getPaymentType
FNDA:1,MarketRegistryMock.getPaymentType
FN:107,MarketRegistryMock.createMarket
FNDA:1,MarketRegistryMock.createMarket
FN:120,MarketRegistryMock.createMarket
FNDA:0,MarketRegistryMock.createMarket
FN:131,MarketRegistryMock.closeMarket
FNDA:0,MarketRegistryMock.closeMarket
FN:137,MarketRegistryMock.mock_setGlobalMarketsClosed
FNDA:2,MarketRegistryMock.mock_setGlobalMarketsClosed
DA:138,2
FN:141,MarketRegistryMock.mock_setBorrowerIsVerified
FNDA:1,MarketRegistryMock.mock_setBorrowerIsVerified
DA:142,1
FN:145,MarketRegistryMock.mock_setLenderIsVerified
FNDA:1,MarketRegistryMock.mock_setLenderIsVerified
DA:146,1
FNF:20
FNH:16
LF:15
LH:14
BRF:0
BRH:0
end_of_record
TN:
SF:contracts/mock/ReputationManagerMock.sol
FN:16,ReputationManagerMock.initialize
FNDA:0,ReputationManagerMock.initialize
FN:20,ReputationManagerMock.getDelinquentLoanIds
FNDA:0,ReputationManagerMock.getDelinquentLoanIds
FN:26,ReputationManagerMock.getDefaultedLoanIds
FNDA:0,ReputationManagerMock.getDefaultedLoanIds
FN:32,ReputationManagerMock.getCurrentDelinquentLoanIds
FNDA:0,ReputationManagerMock.getCurrentDelinquentLoanIds
FN:38,ReputationManagerMock.getCurrentDefaultLoanIds
FNDA:0,ReputationManagerMock.getCurrentDefaultLoanIds
FN:44,ReputationManagerMock.updateAccountReputation
FNDA:0,ReputationManagerMock.updateAccountReputation
FN:49,ReputationManagerMock.updateAccountReputation
FNDA:1,ReputationManagerMock.updateAccountReputation
DA:53,0
FNF:7
FNH:1
LF:1
LH:0
BRF:0
BRH:0
end_of_record
TN:
SF:contracts/mock/TellerASMock.sol
FN:22,TellerASMock.isAttestationActive
FNDA:1,TellerASMock.isAttestationActive
DA:23,1
FNF:1
FNH:1
LF:1
LH:1
BRF:0
BRH:0
end_of_record
TN:
SF:contracts/mock/TellerV2SolMock.sol
FN:15,TellerV2SolMock.setMarketRegistry
FNDA:0,TellerV2SolMock.setMarketRegistry
DA:16,0
FN:19,TellerV2SolMock.getMarketRegistry
FNDA:0,TellerV2SolMock.getMarketRegistry
DA:20,0
FN:23,TellerV2SolMock.submitBid
FNDA:2,TellerV2SolMock.submitBid
DA:32,2
DA:34,2
DA:35,2
DA:36,2
DA:37,2
DA:38,2
DA:39,2
DA:40,2
DA:41,2
DA:43,2
FN:46,TellerV2SolMock.submitBid
FNDA:0,TellerV2SolMock.submitBid
FN:57,TellerV2SolMock.repayLoanMinimum
FNDA:0,TellerV2SolMock.repayLoanMinimum
FN:59,TellerV2SolMock.repayLoanFull
FNDA:0,TellerV2SolMock.repayLoanFull
FN:61,TellerV2SolMock.repayLoan
FNDA:1,TellerV2SolMock.repayLoan
DA:62,1
DA:64,1
FN:75,TellerV2SolMock.calculateAmountDue
FNDA:0,TellerV2SolMock.calculateAmountDue
DA:80,0
BRDA:80,0,0,-
BRDA:80,0,1,-
DA:82,0
DA:88,0
DA:89,0
FN:97,TellerV2SolMock.calculateAmountDue
FNDA:0,TellerV2SolMock.calculateAmountDue
DA:102,0
DA:104,0
BRDA:103,1,0,-
BRDA:103,1,1,-
DA:106,0
DA:108,0
DA:110,0
DA:111,0
FN:114,TellerV2SolMock.lenderAcceptBid
FNDA:1,TellerV2SolMock.lenderAcceptBid
DA:122,1
DA:124,1
DA:127,1
DA:134,1
FN:137,TellerV2SolMock.getBidState
FNDA:0,TellerV2SolMock.getBidState
DA:138,0
FN:141,TellerV2SolMock.getLoanDetails
FNDA:0,TellerV2SolMock.getLoanDetails
DA:146,0
FN:149,TellerV2SolMock.getBorrowerActiveLoanIds
FNDA:0,TellerV2SolMock.getBorrowerActiveLoanIds
FN:155,TellerV2SolMock.isLoanDefaulted
FNDA:0,TellerV2SolMock.isLoanDefaulted
FN:157,TellerV2SolMock.isLoanLiquidateable
FNDA:0,TellerV2SolMock.isLoanLiquidateable
FN:159,TellerV2SolMock.isPaymentLate
FNDA:0,TellerV2SolMock.isPaymentLate
FN:161,TellerV2SolMock.getLoanBorrower
FNDA:3,TellerV2SolMock.getLoanBorrower
DA:167,3
FN:170,TellerV2SolMock.getLoanLender
FNDA:0,TellerV2SolMock.getLoanLender
DA:176,0
FN:179,TellerV2SolMock.getLoanMarketId
FNDA:0,TellerV2SolMock.getLoanMarketId
DA:184,0
FN:187,TellerV2SolMock.getLoanLendingToken
FNDA:1,TellerV2SolMock.getLoanLendingToken
DA:192,1
FN:195,TellerV2SolMock.getLoanSummary
FNDA:0,TellerV2SolMock.getLoanSummary
DA:208,0
DA:210,0
DA:211,0
DA:212,0
DA:213,0
DA:214,0
DA:215,0
DA:216,0
FN:219,TellerV2SolMock.setLastRepaidTimestamp
FNDA:0,TellerV2SolMock.setLastRepaidTimestamp
DA:220,0
FNF:22
FNH:5
LF:43
LH:18
BRF:4
BRH:0
end_of_record
TN:
SF:contracts/mock/WethMock.sol
FN:37,WethMock.deposit
FNDA:2,WethMock.deposit
DA:38,2
DA:39,2
FN:42,WethMock.withdraw
FNDA:0,WethMock.withdraw
DA:43,0
BRDA:43,0,0,-
BRDA:43,0,1,-
DA:44,0
DA:45,0
DA:46,0
FN:49,WethMock.totalSupply
FNDA:0,WethMock.totalSupply
DA:50,0
FN:53,WethMock.approve
FNDA:5,WethMock.approve
DA:54,5
DA:55,5
DA:56,5
FN:59,WethMock.transfer
FNDA:2,WethMock.transfer
DA:60,2
FN:63,WethMock.transferFrom
FNDA:5,WethMock.transferFrom
DA:67,7
BRDA:67,1,0,-
BRDA:67,1,1,7
DA:69,7
BRDA:69,2,0,-
BRDA:69,2,1,5
DA:70,5
BRDA:70,3,0,-
BRDA:70,3,1,5
DA:74,5
DA:77,7
DA:78,7
DA:80,7
DA:82,7
FNF:6
FNH:4
LF:19
LH:14
BRF:8
BRH:3
end_of_record
TN:
SF:tests/CollateralEscrow_Override.sol
FN:19,CollateralEscrowV1_Override.setStoredBalance
FNDA:4,CollateralEscrowV1_Override.setStoredBalance
DA:21,4
FN:32,CollateralEscrowV1_Override._depositCollateralSuper
FNDA:4,CollateralEscrowV1_Override._depositCollateralSuper
DA:41,4
FN:45,CollateralEscrowV1_Override._withdrawCollateralSuper
FNDA:4,CollateralEscrowV1_Override._withdrawCollateralSuper
DA:51,4
FNF:3
FNH:3
LF:3
LH:3
BRF:0
BRH:0
end_of_record
TN:
SF:tests/CollateralEscrow_Test.sol
FN:537,User.getEscrow
FNDA:25,User.getEscrow
DA:538,25
FN:567,User.approveERC20
FNDA:3,User.approveERC20
DA:568,3
FN:571,User.approveERC721
FNDA:5,User.approveERC721
DA:572,5
FN:575,User.approveERC1155
FNDA:2,User.approveERC1155
DA:576,2
FN:579,User.getBalance
FNDA:7,User.getBalance
DA:583,7
FN:589,User.onERC721Received
FNDA:0,User.onERC721Received
DA:595,0
FN:599,User.onERC1155Received
FNDA:4,User.onERC1155Received
DA:606,4
FNF:7
FNH:6
LF:7
LH:6
BRF:0
BRH:0
end_of_record
TN:
SF:tests/CollateralManager_Override.sol
FN:40,CollateralManager_Override.commitCollateralSuper
FNDA:4,CollateralManager_Override.commitCollateralSuper
DA:43,4
FN:47,CollateralManager_Override._depositSuper
FNDA:7,CollateralManager_Override._depositSuper
DA:48,7
FN:52,CollateralManager_Override._withdrawSuper
FNDA:2,CollateralManager_Override._withdrawSuper
DA:53,2
FN:57,CollateralManager_Override._commitCollateralSuper
FNDA:1,CollateralManager_Override._commitCollateralSuper
DA:58,1
FN:62,CollateralManager_Override.isBidCollateralBackedSuper
FNDA:2,CollateralManager_Override.isBidCollateralBackedSuper
DA:63,2
FN:66,CollateralManager_Override._checkBalancesSuper
FNDA:4,CollateralManager_Override._checkBalancesSuper
DA:72,4
FN:80,CollateralManager_Override._checkBalanceSuper
FNDA:8,CollateralManager_Override._checkBalanceSuper
DA:84,8
FN:88,CollateralManager_Override.setBidsCollateralBackedGlobally
FNDA:6,CollateralManager_Override.setBidsCollateralBackedGlobally
DA:89,6
FN:93,CollateralManager_Override._deployEscrowSuper
FNDA:3,CollateralManager_Override._deployEscrowSuper
DA:94,3
FN:97,CollateralManager_Override.forceSetEscrowAddress
FNDA:2,CollateralManager_Override.forceSetEscrowAddress
DA:98,2
FN:101,CollateralManager_Override.setCheckBalanceGlobalValid
FNDA:11,CollateralManager_Override.setCheckBalanceGlobalValid
DA:102,11
FN:109,CollateralManager_Override.isBidCollateralBacked
FNDA:0,CollateralManager_Override.isBidCollateralBacked
DA:110,6
FN:114,CollateralManager_Override._checkBalances
FNDA:8,CollateralManager_Override._checkBalances
DA:120,8
DA:122,8
DA:123,8
FN:127,CollateralManager_Override._deposit
FNDA:1,CollateralManager_Override._deposit
DA:131,1
FN:135,CollateralManager_Override._checkBalance
FNDA:8,CollateralManager_Override._checkBalance
DA:140,8
DA:142,8
FN:146,CollateralManager_Override.setGlobalEscrowProxyAddress
FNDA:9,CollateralManager_Override.setGlobalEscrowProxyAddress
DA:147,9
FN:150,CollateralManager_Override._deployEscrow
FNDA:6,CollateralManager_Override._deployEscrow
DA:151,6
DA:152,6
DA:154,6
FN:158,CollateralManager_Override._withdraw
FNDA:3,CollateralManager_Override._withdraw
DA:161,3
FN:165,CollateralManager_Override._commitCollateral
FNDA:2,CollateralManager_Override._commitCollateral
DA:169,2
FNF:19
FNH:18
LF:24
LH:24
BRF:0
BRH:0
end_of_record
TN:
SF:tests/CollateralManager_Test.sol
FN:1458,TellerV2_Mock.setBorrower
FNDA:13,TellerV2_Mock.setBorrower
DA:1459,13
FN:1462,TellerV2_Mock.setLender
FNDA:1,TellerV2_Mock.setLender
DA:1463,1
FN:1467,TellerV2_Mock.getLoanBorrower
FNDA:18,TellerV2_Mock.getLoanBorrower
DA:1468,18
FN:1470,TellerV2_Mock.getLoanLender
FNDA:1,TellerV2_Mock.getLoanLender
DA:1471,1
FN:1474,TellerV2_Mock.isLoanDefaulted
FNDA:3,TellerV2_Mock.isLoanDefaulted
DA:1475,3
FN:1478,TellerV2_Mock.getBidState
FNDA:6,TellerV2_Mock.getBidState
DA:1479,6
FN:1482,TellerV2_Mock.setGlobalBidState
FNDA:6,TellerV2_Mock.setGlobalBidState
DA:1483,6
FN:1486,TellerV2_Mock.setBidsDefaultedGlobally
FNDA:1,TellerV2_Mock.setBidsDefaultedGlobally
DA:1487,1
FN:1385,User.approveERC20
FNDA:3,User.approveERC20
DA:1386,3
FN:1394,User.onERC721Received
FNDA:0,User.onERC721Received
DA:1400,0
FN:1404,User.onERC1155Received
FNDA:2,User.onERC1155Received
DA:1411,2
FN:1427,CollateralEscrowV1_Mock.depositAsset
FNDA:4,CollateralEscrowV1_Mock.depositAsset
DA:1433,4
FN:1437,CollateralEscrowV1_Mock.withdraw
FNDA:1,CollateralEscrowV1_Mock.withdraw
DA:1442,1
FNF:13
FNH:12
LF:13
LH:12
BRF:0
BRH:0
end_of_record
TN:
SF:tests/LenderCommitmentForwarder_Combined_Test.sol
FN:919,LenderCommitmentForwarderTest_TellerV2Mock.__setMarketRegistry
FNDA:1,LenderCommitmentForwarderTest_TellerV2Mock.__setMarketRegistry
DA:920,1
FN:926,LenderCommitmentForwarderTest_TellerV2Mock.getSenderForMarket
FNDA:1,LenderCommitmentForwarderTest_TellerV2Mock.getSenderForMarket
DA:931,1
FN:934,LenderCommitmentForwarderTest_TellerV2Mock.getDataForMarket
FNDA:2,LenderCommitmentForwarderTest_TellerV2Mock.getDataForMarket
DA:939,2
FN:861,LenderCommitmentUser._createCommitment
FNDA:1,LenderCommitmentUser._createCommitment
DA:865,1
FN:872,LenderCommitmentUser._updateCommitment
FNDA:1,LenderCommitmentUser._updateCommitment
DA:876,1
FN:879,LenderCommitmentUser._updateCommitmentBorrowers
FNDA:5,LenderCommitmentUser._updateCommitmentBorrowers
DA:883,5
FN:889,LenderCommitmentUser._acceptCommitment
FNDA:9,LenderCommitmentUser._acceptCommitment
DA:898,9
FN:910,LenderCommitmentUser._deleteCommitment
FNDA:1,LenderCommitmentUser._deleteCommitment
DA:911,1
FNF:8
FNH:8
LF:8
LH:8
BRF:0
BRH:0
end_of_record
TN:
SF:tests/LenderCommitmentForwarder_Override.sol
FN:36,LenderCommitmentForwarder_Override.setCommitment
FNDA:25,LenderCommitmentForwarder_Override.setCommitment
DA:42,25
FN:46,LenderCommitmentForwarder_Override.getCommitmentLender
FNDA:2,LenderCommitmentForwarder_Override.getCommitmentLender
DA:49,2
FN:52,LenderCommitmentForwarder_Override.getCommitmentMarketId
FNDA:1,LenderCommitmentForwarder_Override.getCommitmentMarketId
DA:55,1
FN:58,LenderCommitmentForwarder_Override._decrementCommitmentSuper
FNDA:1,LenderCommitmentForwarder_Override._decrementCommitmentSuper
DA:62,1
FN:65,LenderCommitmentForwarder_Override._getEscrowCollateralTypeSuper
FNDA:4,LenderCommitmentForwarder_Override._getEscrowCollateralTypeSuper
DA:68,4
FN:71,LenderCommitmentForwarder_Override.validateCommitmentSuper
FNDA:5,LenderCommitmentForwarder_Override.validateCommitmentSuper
DA:74,5
FN:78,LenderCommitmentForwarder_Override.getCommitmentMaxPrincipal
FNDA:2,LenderCommitmentForwarder_Override.getCommitmentMaxPrincipal
DA:81,2
FN:84,LenderCommitmentForwarder_Override._submitBidFromCommitmentSuper
FNDA:2,LenderCommitmentForwarder_Override._submitBidFromCommitmentSuper
DA:97,2
FN:115,LenderCommitmentForwarder_Override._submitBid
FNDA:0,LenderCommitmentForwarder_Override._submitBid
DA:120,0
DA:121,0
FN:124,LenderCommitmentForwarder_Override._submitBidWithCollateral
FNDA:4,LenderCommitmentForwarder_Override._submitBidWithCollateral
DA:129,4
DA:130,4
FN:133,LenderCommitmentForwarder_Override._acceptBid
FNDA:2,LenderCommitmentForwarder_Override._acceptBid
DA:134,2
DA:138,2
FN:148,LenderCommitmentForwarderTest_TellerV2Mock.getSenderForMarket
FNDA:0,LenderCommitmentForwarderTest_TellerV2Mock.getSenderForMarket
DA:153,0
FN:156,LenderCommitmentForwarderTest_TellerV2Mock.getDataForMarket
FNDA:0,LenderCommitmentForwarderTest_TellerV2Mock.getDataForMarket
DA:161,0
FNF:13
FNH:10
LF:16
LH:12
BRF:0
BRH:0
end_of_record
TN:
SF:tests/LenderCommitmentForwarder_Test.sol
FN:1416,LenderCommitmentForwarderTest_TellerV2Mock.__setMarketRegistry
FNDA:0,LenderCommitmentForwarderTest_TellerV2Mock.__setMarketRegistry
DA:1417,0
FN:1424,LenderCommitmentForwarderTest_TellerV2Mock.getSenderForMarket
FNDA:0,LenderCommitmentForwarderTest_TellerV2Mock.getSenderForMarket
DA:1429,0
FN:1432,LenderCommitmentForwarderTest_TellerV2Mock.getDataForMarket
FNDA:0,LenderCommitmentForwarderTest_TellerV2Mock.getDataForMarket
DA:1437,0
FN:1371,LenderCommitmentUser._createCommitment
FNDA:4,LenderCommitmentUser._createCommitment
DA:1375,4
FN:1385,LenderCommitmentUser._acceptCommitment
FNDA:1,LenderCommitmentUser._acceptCommitment
DA:1394,1
FN:1406,LenderCommitmentUser._deleteCommitment
FNDA:1,LenderCommitmentUser._deleteCommitment
DA:1407,1
FNF:6
FNH:3
LF:6
LH:3
BRF:0
BRH:0
end_of_record
TN:
SF:tests/LenderManager_Combined_Test.sol
FN:141,LenderCommitmentTester.getSenderForMarket
FNDA:0,LenderCommitmentTester.getSenderForMarket
DA:146,0
FN:149,LenderCommitmentTester.getDataForMarket
FNDA:0,LenderCommitmentTester.getDataForMarket
DA:154,0
FN:130,LenderManagerUser.transferLoan
FNDA:4,LenderManagerUser.transferLoan
DA:131,4
FNF:3
FNH:1
LF:3
LH:1
BRF:0
BRH:0
end_of_record
TN:
SF:tests/LenderManager_Override.sol
FN:34,LenderManager_Override.setHasMarketVerification
FNDA:7,LenderManager_Override.setHasMarketVerification
DA:35,7
FN:39,LenderManager_Override._hasMarketVerification
FNDA:7,LenderManager_Override._hasMarketVerification
DA:45,7
FN:49,LenderManager_Override.exists
FNDA:2,LenderManager_Override.exists
DA:54,2
FN:57,LenderManager_Override.mint
FNDA:4,LenderManager_Override.mint
DA:60,4
FN:63,LenderManager_Override._getLoanMarketIdSuper
FNDA:1,LenderManager_Override._getLoanMarketIdSuper
DA:68,1
FN:71,LenderManager_Override._hasMarketVerificationSuper
FNDA:1,LenderManager_Override._hasMarketVerificationSuper
DA:76,1
FN:79,LenderManager_Override._baseURISuper
FNDA:1,LenderManager_Override._baseURISuper
DA:84,1
FNF:7
FNH:7
LF:7
LH:7
BRF:0
BRH:0
end_of_record
TN:
SF:tests/LenderManager_Test.sol
FN:237,LenderCommitmentTester.getSenderForMarket
FNDA:0,LenderCommitmentTester.getSenderForMarket
DA:242,0
FN:245,LenderCommitmentTester.getDataForMarket
FNDA:0,LenderCommitmentTester.getDataForMarket
DA:250,0
FN:226,LenderManagerUser.transferLoan
FNDA:0,LenderManagerUser.transferLoan
DA:227,0
FNF:3
FNH:0
LF:3
LH:0
BRF:0
BRH:0
end_of_record
TN:
SF:tests/MarketForwarder_Combined_Test.sol
FN:143,MarketForwarderTester.__setMarketRegistry
FNDA:0,MarketForwarderTester.__setMarketRegistry
DA:144,0
FN:150,MarketForwarderTester.getSenderForMarket
FNDA:0,MarketForwarderTester.getSenderForMarket
DA:155,0
FN:158,MarketForwarderTester.getDataForMarket
FNDA:0,MarketForwarderTester.getDataForMarket
DA:163,0
FNF:3
FNH:0
LF:3
LH:0
BRF:0
BRH:0
end_of_record
TN:
SF:tests/MarketForwarder_Override.sol
FN:30,MarketForwarder_Override.forwardCall
FNDA:2,MarketForwarder_Override.forwardCall
DA:34,2
FNF:1
FNH:1
LF:1
LH:1
BRF:0
BRH:0
end_of_record
TN:
SF:tests/MarketForwarder_Test.sol
FN:152,MarketForwarderTellerV2Mock.setMarketRegistry
FNDA:0,MarketForwarderTellerV2Mock.setMarketRegistry
DA:153,0
FN:159,MarketForwarderTellerV2Mock.getSenderForMarket
FNDA:0,MarketForwarderTellerV2Mock.getSenderForMarket
DA:164,0
FN:167,MarketForwarderTellerV2Mock.getDataForMarket
FNDA:0,MarketForwarderTellerV2Mock.getDataForMarket
DA:172,0
FNF:3
FNH:0
LF:3
LH:0
BRF:0
BRH:0
end_of_record
TN:
SF:tests/MarketLiquidityRewards_Combined_Test.sol
FN:443,MarketLiquidityUser._allocateRewards
FNDA:2,MarketLiquidityUser._allocateRewards
DA:446,2
FN:449,MarketLiquidityUser._increaseAllocationAmount
FNDA:2,MarketLiquidityUser._increaseAllocationAmount
DA:453,2
FN:459,MarketLiquidityUser._deallocateRewards
FNDA:2,MarketLiquidityUser._deallocateRewards
DA:460,2
FN:463,MarketLiquidityUser._claimRewards
FNDA:2,MarketLiquidityUser._claimRewards
DA:464,2
FN:467,MarketLiquidityUser._approveERC20Token
FNDA:4,MarketLiquidityUser._approveERC20Token
DA:470,4
FN:480,TellerV2Mock.__setMarketRegistry
FNDA:0,TellerV2Mock.__setMarketRegistry
DA:481,0
FN:487,TellerV2Mock.getSenderForMarket
FNDA:0,TellerV2Mock.getSenderForMarket
DA:492,0
FN:495,TellerV2Mock.getDataForMarket
FNDA:0,TellerV2Mock.getDataForMarket
DA:500,0
FN:503,TellerV2Mock.setMockBid
FNDA:2,TellerV2Mock.setMockBid
DA:504,2
FN:507,TellerV2Mock.getLoanSummary
FNDA:2,TellerV2Mock.getLoanSummary
DA:520,2
DA:522,2
DA:523,2
DA:524,2
DA:525,2
DA:526,2
DA:527,2
DA:528,2
FNF:10
FNH:7
LF:17
LH:14
BRF:0
BRH:0
end_of_record
TN:
SF:tests/MarketLiquidityRewards_Override.sol
FN:52,MarketLiquidityRewards_Override.setAllocation
FNDA:4,MarketLiquidityRewards_Override.setAllocation
DA:54,4
FN:58,MarketLiquidityRewards_Override.setAllocatedAmount
FNDA:1,MarketLiquidityRewards_Override.setAllocatedAmount
DA:60,1
FN:64,MarketLiquidityRewards_Override.getRewardTokenAmount
FNDA:5,MarketLiquidityRewards_Override.getRewardTokenAmount
DA:65,5
FN:68,MarketLiquidityRewards_Override.calculateRewardAmount
FNDA:2,MarketLiquidityRewards_Override.calculateRewardAmount
DA:74,2
FN:83,MarketLiquidityRewards_Override.requiredCollateralAmount
FNDA:1,MarketLiquidityRewards_Override.requiredCollateralAmount
DA:90,1
FN:101,MarketLiquidityRewards_Override.decrementAllocatedAmount
FNDA:1,MarketLiquidityRewards_Override.decrementAllocatedAmount
DA:104,1
FN:107,MarketLiquidityRewards_Override.verifyLoanStartTime
FNDA:2,MarketLiquidityRewards_Override.verifyLoanStartTime
DA:112,2
FN:115,MarketLiquidityRewards_Override.verifyExpectedTokenAddress
FNDA:1,MarketLiquidityRewards_Override.verifyExpectedTokenAddress
DA:119,1
FN:122,MarketLiquidityRewards_Override.verifyAndReturnRewardRecipient
FNDA:2,MarketLiquidityRewards_Override.verifyAndReturnRewardRecipient
DA:128,2
FN:139,MarketLiquidityRewards_Override.allocateRewards
FNDA:1,MarketLiquidityRewards_Override.allocateRewards
DA:142,1
FN:145,MarketLiquidityRewards_Override.increaseAllocationAmount
FNDA:1,MarketLiquidityRewards_Override.increaseAllocationAmount
DA:149,1
FN:152,MarketLiquidityRewards_Override.deallocateRewards
FNDA:1,MarketLiquidityRewards_Override.deallocateRewards
DA:156,1
FN:161,MarketLiquidityRewards_Override._verifyAndReturnRewardRecipient
FNDA:1,MarketLiquidityRewards_Override._verifyAndReturnRewardRecipient
DA:167,1
DA:168,1
FN:171,MarketLiquidityRewards_Override._verifyCollateralAmount
FNDA:1,MarketLiquidityRewards_Override._verifyCollateralAmount
DA:178,1
FN:181,MarketLiquidityRewards_Override._verifyLoanStartTime
FNDA:1,MarketLiquidityRewards_Override._verifyLoanStartTime
DA:186,1
FN:189,MarketLiquidityRewards_Override._verifyExpectedTokenAddress
FNDA:2,MarketLiquidityRewards_Override._verifyExpectedTokenAddress
DA:193,2
FNF:16
FNH:16
LF:17
LH:17
BRF:0
BRH:0
end_of_record
TN:
SF:tests/MarketLiquidityRewards_Test.sol
FN:430,MarketLiquidityUser._allocateRewards
FNDA:0,MarketLiquidityUser._allocateRewards
DA:433,0
FN:436,MarketLiquidityUser._increaseAllocationAmount
FNDA:0,MarketLiquidityUser._increaseAllocationAmount
DA:440,0
FN:446,MarketLiquidityUser._deallocateRewards
FNDA:0,MarketLiquidityUser._deallocateRewards
DA:447,0
FN:450,MarketLiquidityUser._claimRewards
FNDA:0,MarketLiquidityUser._claimRewards
DA:451,0
FN:454,MarketLiquidityUser._approveERC20Token
FNDA:0,MarketLiquidityUser._approveERC20Token
DA:457,0
FN:468,TellerV2Mock.setMarketRegistry
FNDA:0,TellerV2Mock.setMarketRegistry
DA:469,0
FN:474,TellerV2Mock.getSenderForMarket
FNDA:0,TellerV2Mock.getSenderForMarket
DA:479,0
FN:482,TellerV2Mock.getDataForMarket
FNDA:0,TellerV2Mock.getDataForMarket
DA:487,0
FN:490,TellerV2Mock.setMockBid
FNDA:0,TellerV2Mock.setMockBid
DA:491,0
FN:494,TellerV2Mock.getLoanSummary
FNDA:0,TellerV2Mock.getLoanSummary
DA:507,0
DA:509,0
DA:510,0
DA:511,0
DA:512,0
DA:513,0
DA:514,0
DA:515,0
FNF:10
FNH:0
LF:17
LH:0
BRF:0
BRH:0
end_of_record
TN:
SF:tests/MarketRegistry_Override.sol
FN:39,MarketRegistry_Override.stubMarket
FNDA:32,MarketRegistry_Override.stubMarket
DA:42,32
DA:43,32
DA:44,32
DA:45,32
DA:46,32
FN:52,MarketRegistry_Override.setMarketOwner
FNDA:32,MarketRegistry_Override.setMarketOwner
DA:55,32
FN:59,MarketRegistry_Override.attestStakeholder
FNDA:2,MarketRegistry_Override.attestStakeholder
DA:66,2
FN:74,MarketRegistry_Override.revokeStakeholder
FNDA:2,MarketRegistry_Override.revokeStakeholder
DA:79,2
FN:88,MarketRegistry_Override.attestStakeholderVerification
FNDA:5,MarketRegistry_Override.attestStakeholderVerification
DA:94,5
FN:97,MarketRegistry_Override.revokeStakeholderVerification
FNDA:1,MarketRegistry_Override.revokeStakeholderVerification
DA:102,1
FN:105,MarketRegistry_Override.forceVerifyLenderForMarket
FNDA:2,MarketRegistry_Override.forceVerifyLenderForMarket
DA:106,2
FN:108,MarketRegistry_Override.forceVerifyBorrowerForMarket
FNDA:1,MarketRegistry_Override.forceVerifyBorrowerForMarket
DA:109,1
FN:112,MarketRegistry_Override.marketVerifiedLendersContains
FNDA:3,MarketRegistry_Override.marketVerifiedLendersContains
DA:113,3
FN:116,MarketRegistry_Override.marketVerifiedBorrowersContains
FNDA:2,MarketRegistry_Override.marketVerifiedBorrowersContains
DA:117,2
FN:120,MarketRegistry_Override.getLenderAttestationId
FNDA:1,MarketRegistry_Override.getLenderAttestationId
DA:122,1
FN:126,MarketRegistry_Override.getBorrowerAttestationId
FNDA:1,MarketRegistry_Override.getBorrowerAttestationId
DA:128,1
FN:135,MarketRegistry_Override.getMarketOwner
FNDA:1,MarketRegistry_Override.getMarketOwner
DA:137,1
FN:140,MarketRegistry_Override.setFeeRecipient
FNDA:1,MarketRegistry_Override.setFeeRecipient
DA:142,1
FN:146,MarketRegistry_Override.isVerified
FNDA:3,MarketRegistry_Override.isVerified
DA:151,3
FN:168,MarketRegistry_Override._getMarketOwner
FNDA:106,MarketRegistry_Override._getMarketOwner
DA:169,106
FN:172,MarketRegistry_Override._attestStakeholder
FNDA:2,MarketRegistry_Override._attestStakeholder
DA:179,2
FN:182,MarketRegistry_Override._attestStakeholderVerification
FNDA:1,MarketRegistry_Override._attestStakeholderVerification
DA:189,1
FN:192,MarketRegistry_Override._attestStakeholderViaDelegation
FNDA:2,MarketRegistry_Override._attestStakeholderViaDelegation
DA:202,2
FN:206,MarketRegistry_Override._revokeStakeholder
FNDA:2,MarketRegistry_Override._revokeStakeholder
DA:211,2
FN:215,MarketRegistry_Override._revokeStakeholderVerification
FNDA:3,MarketRegistry_Override._revokeStakeholderVerification
DA:221,3
FN:224,MarketRegistry_Override._isVerified
FNDA:2,MarketRegistry_Override._isVerified
DA:231,2
DA:232,2
FNF:22
FNH:22
LF:27
LH:27
BRF:0
BRH:0
end_of_record
TN:
SF:tests/MarketRegistry_Test.sol
FN:1323,TellerV2Mock.setMarketRegistry
FNDA:0,TellerV2Mock.setMarketRegistry
DA:1324,0
FN:1329,TellerV2Mock.getSenderForMarket
FNDA:0,TellerV2Mock.getSenderForMarket
DA:1334,0
FN:1337,TellerV2Mock.getDataForMarket
FNDA:0,TellerV2Mock.getDataForMarket
DA:1342,0
FN:1345,TellerV2Mock.setMockBid
FNDA:0,TellerV2Mock.setMockBid
DA:1346,0
FN:1349,TellerV2Mock.getLoanSummary
FNDA:0,TellerV2Mock.getLoanSummary
DA:1362,0
DA:1364,0
DA:1365,0
DA:1366,0
DA:1367,0
DA:1368,0
DA:1369,0
DA:1370,0
FN:1266,MarketRegistryUser.closeMarket
FNDA:4,MarketRegistryUser.closeMarket
DA:1268,4
FN:1275,MarketRegistryUser.lenderExitMarket
FNDA:1,MarketRegistryUser.lenderExitMarket
DA:1276,1
FN:1279,MarketRegistryUser.borrowerExitMarket
FNDA:1,MarketRegistryUser.borrowerExitMarket
DA:1280,1
FN:1283,MarketRegistryUser.attestStakeholder
FNDA:1,MarketRegistryUser.attestStakeholder
DA:1290,1
FN:1298,MarketRegistryUser.revokeStakeholder
FNDA:1,MarketRegistryUser.revokeStakeholder
DA:1304,1
FNF:10
FNH:5
LF:17
LH:5
BRF:0
BRH:0
end_of_record
TN:
SF:tests/ProtocolFee_Override.sol
FN:14,ProtocolFee_Override.initialize
FNDA:6,ProtocolFee_Override.initialize
DA:15,5
FN:20,ProtocolFee_Override.protocolFeeInit
FNDA:1,ProtocolFee_Override.protocolFeeInit
DA:22,1
FNF:2
FNH:2
LF:2
LH:2
BRF:0
BRH:0
end_of_record
TN:
SF:tests/TellerV2/TellerV2_Override.sol
FN:27,TellerV2_Override.mock_pause
FNDA:2,TellerV2_Override.mock_pause
DA:28,2
FN:31,TellerV2_Override.mock_setBid
FNDA:56,TellerV2_Override.mock_setBid
DA:32,56
FN:35,TellerV2_Override.mock_addUriToMapping
FNDA:1,TellerV2_Override.mock_addUriToMapping
DA:36,1
FN:39,TellerV2_Override.mock_setLenderManager
FNDA:3,TellerV2_Override.mock_setLenderManager
DA:41,3
FN:44,TellerV2_Override.setLenderManagerSuper
FNDA:3,TellerV2_Override.setLenderManagerSuper
DA:45,3
FN:48,TellerV2_Override.setMarketRegistrySuper
FNDA:10,TellerV2_Override.setMarketRegistrySuper
DA:50,10
FN:53,TellerV2_Override.setCollateralManagerSuper
FNDA:10,TellerV2_Override.setCollateralManagerSuper
DA:55,10
FN:60,TellerV2_Override.setReputationManagerSuper
FNDA:1,TellerV2_Override.setReputationManagerSuper
DA:61,1
FN:66,TellerV2_Override.mock_setBidState
FNDA:45,TellerV2_Override.mock_setBidState
DA:67,45
FN:70,TellerV2_Override.mock_setBidPaymentCycleType
FNDA:4,TellerV2_Override.mock_setBidPaymentCycleType
DA:71,4
FN:74,TellerV2_Override.mock_setBidDefaultDuration
FNDA:10,TellerV2_Override.mock_setBidDefaultDuration
DA:75,10
FN:78,TellerV2_Override.mock_setBidExpirationTime
FNDA:2,TellerV2_Override.mock_setBidExpirationTime
DA:79,2
FN:83,TellerV2_Override.mock_initialize
FNDA:11,TellerV2_Override.mock_initialize
DA:85,11
DA:87,11
FN:91,TellerV2_Override.setMockMsgSenderForMarket
FNDA:18,TellerV2_Override.setMockMsgSenderForMarket
DA:92,18
FN:96,TellerV2_Override._submitBidSuper
FNDA:3,TellerV2_Override._submitBidSuper
DA:105,3
FN:116,TellerV2_Override._cancelBidSuper
FNDA:2,TellerV2_Override._cancelBidSuper
DA:119,2
FN:122,TellerV2_Override._repayLoanSuper
FNDA:1,TellerV2_Override._repayLoanSuper
DA:128,1
FN:131,TellerV2_Override._canLiquidateLoanSuper
FNDA:4,TellerV2_Override._canLiquidateLoanSuper
DA:136,4
FN:146,TellerV2_Override._msgSenderForMarket
FNDA:13,TellerV2_Override._msgSenderForMarket
DA:152,13
FN:157,TellerV2_Override._submitBid
FNDA:3,TellerV2_Override._submitBid
DA:168,3
DA:169,3
FN:173,TellerV2_Override._cancelBid
FNDA:2,TellerV2_Override._cancelBid
DA:177,2
FN:180,TellerV2_Override._repayLoan
FNDA:4,TellerV2_Override._repayLoan
DA:187,4
FNF:22
FNH:22
LF:24
LH:24
BRF:0
BRH:0
end_of_record
TN:
SF:tests/TellerV2/TellerV2_Test.sol
FN:221,TellerV2User.depositToWeth
FNDA:0,TellerV2User.depositToWeth
DA:222,0
FNF:1
FNH:0
LF:1
LH:0
BRF:0
BRH:0
end_of_record
TN:
SF:tests/TellerV2/TellerV2_initialize.sol
FN:230,Contract.execute
FNDA:0,Contract.execute
DA:231,0
DA:232,0
BRDA:232,0,0,-
BRDA:232,0,1,-
DA:233,0
FNF:1
FNH:0
LF:3
LH:0
BRF:2
BRH:0
end_of_record
TN:
SF:tests/TellerV2Autopay_Test.sol
FN:224,User.enableAutoPay
FNDA:2,User.enableAutoPay
DA:225,2
FN:228,User.createMarketWithinRegistry
FNDA:1,User.createMarketWithinRegistry
DA:239,1
FN:253,User.autoPayLoanMinimum
FNDA:1,User.autoPayLoanMinimum
DA:254,1
FN:257,User.submitBid
FNDA:2,User.submitBid
DA:266,2
FN:278,User.initialize
FNDA:0,User.initialize
DA:279,0
FN:282,User.setAutopayFee
FNDA:1,User.setAutopayFee
DA:283,1
FN:286,User.acceptBid
FNDA:1,User.acceptBid
DA:287,1
FN:290,User.depositToWeth
FNDA:2,User.depositToWeth
DA:291,2
FN:294,User.approveWeth
FNDA:2,User.approveWeth
DA:295,2
FNF:9
FNH:8
LF:9
LH:8
BRF:0
BRH:0
end_of_record
TN:
SF:tests/TellerV2Context/TellerV2Context_Override.sol
FN:19,TellerV2Context_Override.mock_setTrustedMarketForwarder
FNDA:6,TellerV2Context_Override.mock_setTrustedMarketForwarder
DA:23,6
FN:26,TellerV2Context_Override.mock_setApprovedMarketForwarder
FNDA:3,TellerV2Context_Override.mock_setApprovedMarketForwarder
DA:32,3
FN:35,TellerV2Context_Override.external__msgSenderForMarket
FNDA:3,TellerV2Context_Override.external__msgSenderForMarket
DA:36,3
FNF:3
FNH:3
LF:3
LH:3
BRF:0
BRH:0
end_of_record
TN:
SF:tests/TellerV2Context/TellerV2Context_setTrustedMarketForwarder.sol
FN:54,MockMarketRegistry.mock_setMarketOwner
FNDA:1,MockMarketRegistry.mock_setMarketOwner
DA:55,1
FN:58,MockMarketRegistry.getMarketOwner
FNDA:2,MockMarketRegistry.getMarketOwner
DA:59,2
FNF:2
FNH:2
LF:2
LH:2
BRF:0
BRH:0
end_of_record
TN:
SF:tests/Test_Helpers.sol
FN:20,User.addAllowance
FNDA:2,User.addAllowance
DA:25,2
FN:29,User.createMarketSimple
FNDA:4,User.createMarketSimple
DA:41,4
FN:55,User.createMarket
FNDA:4,User.createMarket
DA:67,4
FN:82,User.acceptBid
FNDA:1,User.acceptBid
DA:83,1
FN:86,User.submitBid
FNDA:0,User.submitBid
DA:95,0
FN:107,User.submitCollateralBid
FNDA:1,User.submitCollateralBid
DA:117,1
FN:130,User.repayLoanFull
FNDA:1,User.repayLoanFull
DA:131,1
FN:134,User.setTrustedMarketForwarder
FNDA:6,User.setTrustedMarketForwarder
DA:137,6
FN:143,User.approveMarketForwarder
FNDA:8,User.approveMarketForwarder
DA:146,8
FNF:9
FNH:8
LF:9
LH:8
BRF:0
BRH:0
end_of_record
TN:
SF:tests/resolvers/TestASAttestationResolver.sol
FN:20,TestASAttestationResolver.resolve
FNDA:0,TestASAttestationResolver.resolve
DA:27,0
FN:30,TestASAttestationResolver._toBytes32
FNDA:0,TestASAttestationResolver._toBytes32
DA:35,0
BRDA:35,0,0,-
BRDA:35,0,1,-
DA:36,0
DA:39,0
BRDA:39,1,0,-
BRDA:39,1,1,-
DA:40,0
DA:43,0
DA:47,0
DA:50,0
FNF:2
FNH:0
LF:8
LH:0
BRF:4
BRH:0
end_of_record
TN:
SF:tests/resolvers/TestASAttesterResolver.sol
FN:16,TestASAttesterResolver.resolve
FNDA:0,TestASAttesterResolver.resolve
DA:23,0
FNF:1
FNH:0
LF:1
LH:0
BRF:0
BRH:0
end_of_record
TN:
SF:tests/resolvers/TestASDataResolver.sol
FN:10,TestASDataResolver.resolve
FNDA:0,TestASDataResolver.resolve
DA:18,0
FNF:1
FNH:0
LF:1
LH:0
BRF:0
BRH:0
end_of_record
TN:
SF:tests/resolvers/TestASExpirationTimeResolver.sol
FN:16,TestASExpirationTimeResolver.resolve
FNDA:0,TestASExpirationTimeResolver.resolve
DA:23,0
FNF:1
FNH:0
LF:1
LH:0
BRF:0
BRH:0
end_of_record
TN:
SF:tests/resolvers/TestASPayingResolver.sol
FN:16,TestASPayingResolver.isPayable
FNDA:0,TestASPayingResolver.isPayable
DA:17,0
FN:20,TestASPayingResolver.resolve
FNDA:0,TestASPayingResolver.resolve
DA:27,0
DA:29,0
FNF:2
FNH:0
LF:3
LH:0
BRF:0
BRH:0
end_of_record
TN:
SF:tests/resolvers/TestASRecipientResolver.sol
FN:16,TestASRecipientResolver.resolve
FNDA:0,TestASRecipientResolver.resolve
DA:23,0
FNF:1
FNH:0
LF:1
LH:0
BRF:0
BRH:0
end_of_record
TN:
SF:tests/resolvers/TestASTokenResolver.sol
FN:22,TestASTokenResolver.resolve
FNDA:0,TestASTokenResolver.resolve
DA:29,0
DA:31,0
FNF:1
FNH:0
LF:2
LH:0
BRF:0
BRH:0
end_of_record
TN:
SF:tests/resolvers/TestASValueResolver.sol
FN:16,TestASValueResolver.isPayable
FNDA:0,TestASValueResolver.isPayable
DA:17,0
FN:20,TestASValueResolver.resolve
FNDA:0,TestASValueResolver.resolve
DA:27,0
FNF:2
FNH:0
LF:2
LH:0
BRF:0
BRH:0
end_of_record
TN:
SF:tests/tokens/TestERC1155Token.sol
FN:13,TestERC1155Token.mint
FNDA:3,TestERC1155Token.mint
DA:15,3
FN:18,TestERC1155Token.mint
FNDA:3,TestERC1155Token.mint
DA:20,6
FN:24,TestERC1155Token.mint
FNDA:0,TestERC1155Token.mint
DA:25,6
DA:26,6
DA:27,6
FNF:3
FNH:2
LF:5
LH:5
BRF:0
BRH:0
end_of_record
TN:
SF:tests/tokens/TestERC20Token.sol
FN:19,TestERC20Token.decimals
FNDA:44,TestERC20Token.decimals
DA:20,44
FNF:1
FNH:1
LF:1
LH:1
BRF:0
BRH:0
end_of_record
TN:
SF:tests/tokens/TestERC721Token.sol
FN:14,TestERC721Token.mint
FNDA:12,TestERC721Token.mint
DA:15,12
DA:16,12
DA:17,12
FNF:1
FNH:1
LF:3
LH:3
BRF:0
BRH:0
end_of_record
TN:
SF:tests/util/StdChains.sol
FN:72,StdChains.getChain
FNDA:0,StdChains.getChain
DA:77,0
BRDA:77,0,0,-
BRDA:77,0,1,-
DA:82,0
DA:83,0
DA:84,0
BRDA:84,1,0,-
BRDA:84,1,1,-
DA:95,0
FN:98,StdChains.getChain
FNDA:0,StdChains.getChain
DA:103,0
BRDA:103,2,0,-
BRDA:103,2,1,-
DA:107,0
DA:108,0
DA:110,0
DA:112,0
BRDA:112,3,0,-
BRDA:112,3,1,-
DA:123,0
FN:127,StdChains.setChain
FNDA:0,StdChains.setChain
DA:131,0
BRDA:131,4,0,-
BRDA:131,4,1,-
DA:136,0
BRDA:136,5,0,-
BRDA:136,5,1,-
DA:141,0
DA:142,0
DA:144,0
BRDA:144,6,0,-
BRDA:144,6,1,-
DA:158,0
DA:159,0
DA:161,0
DA:167,0
FN:171,StdChains.setChain
FNDA:0,StdChains.setChain
DA:175,0
FN:185,StdChains._toUpper
FNDA:0,StdChains._toUpper
DA:186,0
DA:187,0
DA:188,0
DA:189,0
DA:190,0
BRDA:190,7,0,-
BRDA:190,7,1,-
DA:191,0
DA:193,0
DA:196,0
FN:201,StdChains.getChainWithUpdatedRpcUrl
FNDA:0,StdChains.getChainWithUpdatedRpcUrl
DA:205,0
BRDA:205,8,0,-
BRDA:205,8,1,-
DA:206,0
DA:229,0
FN:232,StdChains.initializeStdChains
FNDA:0,StdChains.initializeStdChains
DA:233,0
BRDA:233,9,0,-
BRDA:233,9,1,-
DA:235,0
DA:238,0
DA:242,0
DA:250,0
DA:258,0
DA:266,0
DA:270,0
DA:274,0
DA:278,0
DA:286,0
DA:290,0
DA:294,0
DA:302,0
DA:310,0
DA:318,0
DA:326,0
DA:334,0
FN:341,StdChains.setChainWithDefaultRpcUrl
FNDA:0,StdChains.setChainWithDefaultRpcUrl
DA:345,0
DA:346,0
DA:347,0
DA:348,0
DA:349,0
FNF:8
FNH:0
LF:55
LH:0
BRF:20
BRH:0
end_of_record
